2024-10-01 06:38:12.560 | INFO     | __main__:<module>:12 - Sample INFO message.
2024-10-01 06:38:12.560 | WARNING  | __main__:<module>:12 - Sample WARNING message.
2024-10-01 06:38:12.561 | DEBUG    | __main__:<module>:12 - Sample DEBUG message.
2024-10-01 06:38:12.561 | WARNING  | __main__:<module>:12 - Sample WARNING message.
2024-10-01 06:38:12.561 | WARNING  | __main__:<module>:12 - Sample WARNING message.
2024-10-01 06:38:12.562 | DEBUG    | __main__:<module>:12 - Sample DEBUG message.
2024-10-01 06:38:12.562 | INFO     | __main__:<module>:12 - Sample INFO message.
2024-10-01 06:38:12.562 | INFO     | __main__:<module>:12 - Sample INFO message.
2024-10-01 06:38:12.563 | DEBUG    | __main__:<module>:12 - Sample DEBUG message.
2024-10-01 06:38:12.563 | ERROR    | __main__:<module>:12 - Sample ERROR message.
2024-10-01 06:38:12.563 | DEBUG    | __main__:<module>:12 - Sample DEBUG message.
2024-10-01 06:38:12.563 | ERROR    | __main__:<module>:12 - Sample ERROR message.
2024-10-01 06:38:12.564 | WARNING  | __main__:<module>:12 - Sample WARNING message.
2024-10-01 06:38:12.564 | ERROR    | __main__:<module>:12 - Sample ERROR message.
2024-10-01 06:38:12.564 | ERROR    | __main__:<module>:12 - Sample ERROR message.
2024-10-01 06:38:12.564 | DEBUG    | __main__:<module>:12 - Sample DEBUG message.
2024-10-01 06:38:12.565 | INFO     | __main__:<module>:12 - Sample INFO message.
2024-10-01 06:38:12.565 | INFO     | __main__:<module>:12 - Sample INFO message.
2024-10-01 06:38:12.565 | ERROR    | __main__:<module>:12 - Sample ERROR message.
2024-10-01 06:38:12.565 | INFO     | __main__:<module>:12 - Sample INFO message.
2024-10-01 06:38:12.566 | INFO     | __main__:<module>:12 - Sample INFO message.
2024-10-01 06:38:12.566 | INFO     | __main__:<module>:12 - Sample INFO message.
2024-10-01 06:38:12.566 | DEBUG    | __main__:<module>:12 - Sample DEBUG message.
2024-10-01 06:38:12.566 | ERROR    | __main__:<module>:12 - Sample ERROR message.
2024-10-01 06:38:12.567 | WARNING  | __main__:<module>:12 - Sample WARNING message.
2024-10-01 06:38:12.567 | ERROR    | __main__:<module>:12 - Sample ERROR message.
2024-10-01 06:38:12.567 | WARNING  | __main__:<module>:12 - Sample WARNING message.
2024-10-01 06:38:12.567 | ERROR    | __main__:<module>:12 - Sample ERROR message.
2024-10-01 06:38:12.568 | ERROR    | __main__:<module>:12 - Sample ERROR message.
2024-10-01 06:38:12.568 | DEBUG    | __main__:<module>:12 - Sample DEBUG message.
2024-10-01 06:38:12.568 | DEBUG    | __main__:<module>:12 - Sample DEBUG message.
2024-10-01 06:38:12.568 | WARNING  | __main__:<module>:12 - Sample WARNING message.
2024-10-01 06:38:12.569 | WARNING  | __main__:<module>:12 - Sample WARNING message.
2024-10-01 06:38:12.569 | ERROR    | __main__:<module>:12 - Sample ERROR message.
2024-10-01 06:38:12.569 | DEBUG    | __main__:<module>:12 - Sample DEBUG message.
2024-10-01 06:38:12.569 | ERROR    | __main__:<module>:12 - Sample ERROR message.
2024-10-01 06:38:12.569 | DEBUG    | __main__:<module>:12 - Sample DEBUG message.
2024-10-01 06:38:12.570 | INFO     | __main__:<module>:12 - Sample INFO message.
2024-10-01 06:38:12.570 | WARNING  | __main__:<module>:12 - Sample WARNING message.
2024-10-01 06:38:12.570 | DEBUG    | __main__:<module>:12 - Sample DEBUG message.
2024-10-01 06:38:12.570 | INFO     | __main__:<module>:12 - Sample INFO message.
2024-10-01 06:38:12.571 | WARNING  | __main__:<module>:12 - Sample WARNING message.
2024-10-01 06:38:12.571 | ERROR    | __main__:<module>:12 - Sample ERROR message.
2024-10-01 06:38:12.571 | WARNING  | __main__:<module>:12 - Sample WARNING message.
2024-10-01 06:38:12.571 | DEBUG    | __main__:<module>:12 - Sample DEBUG message.
2024-10-01 06:38:12.572 | INFO     | __main__:<module>:12 - Sample INFO message.
2024-10-01 06:38:12.572 | WARNING  | __main__:<module>:12 - Sample WARNING message.
2024-10-01 06:38:12.572 | ERROR    | __main__:<module>:12 - Sample ERROR message.
2024-10-01 06:38:12.572 | DEBUG    | __main__:<module>:12 - Sample DEBUG message.
2024-10-01 06:38:12.572 | ERROR    | __main__:<module>:12 - Sample ERROR message.
2024-10-01 06:38:12.573 | ERROR    | __main__:<module>:12 - Sample ERROR message.
2024-10-01 06:38:12.573 | INFO     | __main__:<module>:12 - Sample INFO message.
2024-10-01 06:38:12.573 | ERROR    | __main__:<module>:12 - Sample ERROR message.
2024-10-01 06:38:12.573 | WARNING  | __main__:<module>:12 - Sample WARNING message.
2024-10-01 06:38:12.574 | ERROR    | __main__:<module>:12 - Sample ERROR message.
2024-10-01 06:38:12.574 | ERROR    | __main__:<module>:12 - Sample ERROR message.
2024-10-01 06:38:12.574 | WARNING  | __main__:<module>:12 - Sample WARNING message.
2024-10-01 06:38:12.574 | DEBUG    | __main__:<module>:12 - Sample DEBUG message.
2024-10-01 06:38:12.575 | DEBUG    | __main__:<module>:12 - Sample DEBUG message.
2024-10-01 06:38:12.575 | ERROR    | __main__:<module>:12 - Sample ERROR message.
2024-10-01 06:38:12.575 | WARNING  | __main__:<module>:12 - Sample WARNING message.
2024-10-01 06:38:12.575 | WARNING  | __main__:<module>:12 - Sample WARNING message.
2024-10-01 06:38:12.575 | WARNING  | __main__:<module>:12 - Sample WARNING message.
2024-10-01 06:38:12.576 | WARNING  | __main__:<module>:12 - Sample WARNING message.
2024-10-01 06:38:12.576 | INFO     | __main__:<module>:12 - Sample INFO message.
2024-10-01 06:38:12.576 | DEBUG    | __main__:<module>:12 - Sample DEBUG message.
2024-10-01 06:38:12.576 | WARNING  | __main__:<module>:12 - Sample WARNING message.
2024-10-01 06:38:12.577 | ERROR    | __main__:<module>:12 - Sample ERROR message.
2024-10-01 06:38:12.577 | ERROR    | __main__:<module>:12 - Sample ERROR message.
2024-10-01 06:38:12.577 | ERROR    | __main__:<module>:12 - Sample ERROR message.
2024-10-01 06:38:12.577 | WARNING  | __main__:<module>:12 - Sample WARNING message.
2024-10-01 06:38:12.578 | DEBUG    | __main__:<module>:12 - Sample DEBUG message.
2024-10-01 06:38:12.578 | WARNING  | __main__:<module>:12 - Sample WARNING message.
2024-10-01 06:38:12.578 | WARNING  | __main__:<module>:12 - Sample WARNING message.
2024-10-01 06:38:12.578 | INFO     | __main__:<module>:12 - Sample INFO message.
2024-10-01 06:38:12.579 | DEBUG    | __main__:<module>:12 - Sample DEBUG message.
2024-10-01 06:38:12.579 | INFO     | __main__:<module>:12 - Sample INFO message.
2024-10-01 06:38:12.579 | ERROR    | __main__:<module>:12 - Sample ERROR message.
2024-10-01 06:38:12.579 | INFO     | __main__:<module>:12 - Sample INFO message.
2024-10-01 06:38:12.580 | DEBUG    | __main__:<module>:12 - Sample DEBUG message.
2024-10-01 06:38:12.580 | WARNING  | __main__:<module>:12 - Sample WARNING message.
2024-10-01 06:38:12.580 | DEBUG    | __main__:<module>:12 - Sample DEBUG message.
2024-10-01 06:38:12.580 | INFO     | __main__:<module>:12 - Sample INFO message.
2024-10-01 06:38:12.580 | INFO     | __main__:<module>:12 - Sample INFO message.
2024-10-01 06:38:12.581 | INFO     | __main__:<module>:12 - Sample INFO message.
2024-10-01 06:38:12.581 | DEBUG    | __main__:<module>:12 - Sample DEBUG message.
2024-10-01 06:38:12.581 | DEBUG    | __main__:<module>:12 - Sample DEBUG message.
2024-10-01 06:38:12.581 | WARNING  | __main__:<module>:12 - Sample WARNING message.
2024-10-01 06:38:12.582 | DEBUG    | __main__:<module>:12 - Sample DEBUG message.
2024-10-01 06:38:12.582 | ERROR    | __main__:<module>:12 - Sample ERROR message.
2024-10-01 06:38:12.582 | WARNING  | __main__:<module>:12 - Sample WARNING message.
2024-10-01 06:38:12.582 | DEBUG    | __main__:<module>:12 - Sample DEBUG message.
2024-10-01 06:38:12.583 | INFO     | __main__:<module>:12 - Sample INFO message.
2024-10-01 06:38:12.583 | WARNING  | __main__:<module>:12 - Sample WARNING message.
2024-10-01 06:38:12.583 | WARNING  | __main__:<module>:12 - Sample WARNING message.
2024-10-01 06:38:12.583 | INFO     | __main__:<module>:12 - Sample INFO message.
2024-10-01 06:38:12.583 | DEBUG    | __main__:<module>:12 - Sample DEBUG message.
2024-10-01 06:38:12.584 | INFO     | __main__:<module>:12 - Sample INFO message.
2024-10-01 06:38:12.584 | WARNING  | __main__:<module>:12 - Sample WARNING message.
2024-10-01 06:38:12.584 | WARNING  | __main__:<module>:12 - Sample WARNING message.
2024-10-01 06:38:12.584 | DEBUG    | __main__:<module>:12 - Sample DEBUG message.
2024-10-01 06:38:12.585 | INFO     | __main__:<module>:12 - Sample INFO message.
2024-10-01 06:38:12.585 | WARNING  | __main__:<module>:12 - Sample WARNING message.
2024-10-01 06:38:12.585 | INFO     | __main__:<module>:12 - Sample INFO message.
2024-10-01 06:38:12.585 | WARNING  | __main__:<module>:12 - Sample WARNING message.
2024-10-01 06:38:12.586 | DEBUG    | __main__:<module>:12 - Sample DEBUG message.
2024-10-01 06:38:12.586 | ERROR    | __main__:<module>:12 - Sample ERROR message.
2024-10-01 06:38:12.586 | ERROR    | __main__:<module>:12 - Sample ERROR message.
2024-10-01 06:38:12.586 | INFO     | __main__:<module>:12 - Sample INFO message.
2024-10-01 06:38:12.587 | INFO     | __main__:<module>:12 - Sample INFO message.
2024-10-01 06:38:12.587 | DEBUG    | __main__:<module>:12 - Sample DEBUG message.
2024-10-01 06:38:12.587 | INFO     | __main__:<module>:12 - Sample INFO message.
2024-10-01 06:38:12.587 | WARNING  | __main__:<module>:12 - Sample WARNING message.
2024-10-01 06:38:12.588 | WARNING  | __main__:<module>:12 - Sample WARNING message.
2024-10-01 06:38:12.588 | DEBUG    | __main__:<module>:12 - Sample DEBUG message.
2024-10-01 06:38:12.588 | WARNING  | __main__:<module>:12 - Sample WARNING message.
2024-10-01 06:38:12.588 | WARNING  | __main__:<module>:12 - Sample WARNING message.
2024-10-01 06:38:12.588 | DEBUG    | __main__:<module>:12 - Sample DEBUG message.
2024-10-01 06:38:12.588 | ERROR    | __main__:<module>:12 - Sample ERROR message.
2024-10-01 06:38:12.589 | WARNING  | __main__:<module>:12 - Sample WARNING message.
2024-10-01 06:38:12.589 | INFO     | __main__:<module>:12 - Sample INFO message.
2024-10-01 06:38:12.589 | WARNING  | __main__:<module>:12 - Sample WARNING message.
2024-10-01 06:38:12.589 | DEBUG    | __main__:<module>:12 - Sample DEBUG message.
2024-10-01 06:38:12.589 | DEBUG    | __main__:<module>:12 - Sample DEBUG message.
2024-10-01 06:38:12.589 | WARNING  | __main__:<module>:12 - Sample WARNING message.
2024-10-01 06:38:12.590 | INFO     | __main__:<module>:12 - Sample INFO message.
2024-10-01 06:38:12.590 | WARNING  | __main__:<module>:12 - Sample WARNING message.
2024-10-01 06:38:12.590 | INFO     | __main__:<module>:12 - Sample INFO message.
2024-10-01 06:38:12.590 | DEBUG    | __main__:<module>:12 - Sample DEBUG message.
2024-10-01 06:38:12.590 | WARNING  | __main__:<module>:12 - Sample WARNING message.
2024-10-01 06:38:12.590 | INFO     | __main__:<module>:12 - Sample INFO message.
2024-10-01 06:38:12.591 | ERROR    | __main__:<module>:12 - Sample ERROR message.
2024-10-01 06:38:12.591 | INFO     | __main__:<module>:12 - Sample INFO message.
2024-10-01 06:38:12.591 | INFO     | __main__:<module>:12 - Sample INFO message.
2024-10-01 06:38:12.591 | WARNING  | __main__:<module>:12 - Sample WARNING message.
2024-10-01 06:38:12.591 | WARNING  | __main__:<module>:12 - Sample WARNING message.
2024-10-01 06:38:12.591 | INFO     | __main__:<module>:12 - Sample INFO message.
2024-10-01 06:38:12.592 | INFO     | __main__:<module>:12 - Sample INFO message.
2024-10-01 06:38:12.592 | WARNING  | __main__:<module>:12 - Sample WARNING message.
2024-10-01 06:38:12.592 | WARNING  | __main__:<module>:12 - Sample WARNING message.
2024-10-01 06:38:12.592 | INFO     | __main__:<module>:12 - Sample INFO message.
2024-10-01 06:38:12.592 | DEBUG    | __main__:<module>:12 - Sample DEBUG message.
2024-10-01 06:38:12.592 | ERROR    | __main__:<module>:12 - Sample ERROR message.
2024-10-01 06:38:12.593 | ERROR    | __main__:<module>:12 - Sample ERROR message.
2024-10-01 06:38:12.593 | INFO     | __main__:<module>:12 - Sample INFO message.
2024-10-01 06:38:12.593 | ERROR    | __main__:<module>:12 - Sample ERROR message.
2024-10-01 06:38:12.593 | WARNING  | __main__:<module>:12 - Sample WARNING message.
2024-10-01 06:38:12.593 | ERROR    | __main__:<module>:12 - Sample ERROR message.
2024-10-01 06:38:12.594 | ERROR    | __main__:<module>:12 - Sample ERROR message.
2024-10-01 06:38:12.594 | DEBUG    | __main__:<module>:12 - Sample DEBUG message.
2024-10-01 06:38:12.594 | ERROR    | __main__:<module>:12 - Sample ERROR message.
2024-10-01 06:38:12.594 | INFO     | __main__:<module>:12 - Sample INFO message.
2024-10-01 06:38:12.594 | WARNING  | __main__:<module>:12 - Sample WARNING message.
2024-10-01 06:38:12.594 | INFO     | __main__:<module>:12 - Sample INFO message.
2024-10-01 06:38:12.595 | ERROR    | __main__:<module>:12 - Sample ERROR message.
2024-10-01 06:38:12.595 | ERROR    | __main__:<module>:12 - Sample ERROR message.
2024-10-01 06:38:12.595 | DEBUG    | __main__:<module>:12 - Sample DEBUG message.
2024-10-01 06:38:12.595 | ERROR    | __main__:<module>:12 - Sample ERROR message.
2024-10-01 06:38:12.595 | ERROR    | __main__:<module>:12 - Sample ERROR message.
2024-10-01 06:38:12.595 | INFO     | __main__:<module>:12 - Sample INFO message.
2024-10-01 06:38:12.596 | DEBUG    | __main__:<module>:12 - Sample DEBUG message.
2024-10-01 06:38:12.596 | WARNING  | __main__:<module>:12 - Sample WARNING message.
2024-10-01 06:38:12.596 | INFO     | __main__:<module>:12 - Sample INFO message.
2024-10-01 06:38:12.596 | DEBUG    | __main__:<module>:12 - Sample DEBUG message.
2024-10-01 06:38:12.596 | ERROR    | __main__:<module>:12 - Sample ERROR message.
2024-10-01 06:38:12.596 | DEBUG    | __main__:<module>:12 - Sample DEBUG message.
2024-10-01 06:38:12.597 | WARNING  | __main__:<module>:12 - Sample WARNING message.
2024-10-01 06:38:12.597 | INFO     | __main__:<module>:12 - Sample INFO message.
2024-10-01 06:38:12.597 | ERROR    | __main__:<module>:12 - Sample ERROR message.
2024-10-01 06:38:12.597 | WARNING  | __main__:<module>:12 - Sample WARNING message.
2024-10-01 06:38:12.597 | ERROR    | __main__:<module>:12 - Sample ERROR message.
2024-10-01 06:38:12.598 | DEBUG    | __main__:<module>:12 - Sample DEBUG message.
2024-10-01 06:38:12.598 | ERROR    | __main__:<module>:12 - Sample ERROR message.
2024-10-01 06:38:12.598 | WARNING  | __main__:<module>:12 - Sample WARNING message.
2024-10-01 06:38:12.598 | DEBUG    | __main__:<module>:12 - Sample DEBUG message.
2024-10-01 06:38:12.598 | INFO     | __main__:<module>:12 - Sample INFO message.
2024-10-01 06:38:12.599 | ERROR    | __main__:<module>:12 - Sample ERROR message.
2024-10-01 06:38:12.599 | DEBUG    | __main__:<module>:12 - Sample DEBUG message.
2024-10-01 06:38:12.599 | INFO     | __main__:<module>:12 - Sample INFO message.
2024-10-01 06:38:12.599 | DEBUG    | __main__:<module>:12 - Sample DEBUG message.
2024-10-01 06:38:12.599 | ERROR    | __main__:<module>:12 - Sample ERROR message.
2024-10-01 06:38:12.599 | INFO     | __main__:<module>:12 - Sample INFO message.
2024-10-01 06:38:12.600 | WARNING  | __main__:<module>:12 - Sample WARNING message.
2024-10-01 06:38:12.600 | INFO     | __main__:<module>:12 - Sample INFO message.
2024-10-01 06:38:12.600 | ERROR    | __main__:<module>:12 - Sample ERROR message.
2024-10-01 06:38:12.600 | WARNING  | __main__:<module>:12 - Sample WARNING message.
2024-10-01 06:38:12.600 | WARNING  | __main__:<module>:12 - Sample WARNING message.
2024-10-01 06:38:12.600 | ERROR    | __main__:<module>:12 - Sample ERROR message.
2024-10-01 06:38:12.601 | WARNING  | __main__:<module>:12 - Sample WARNING message.
2024-10-01 06:38:12.601 | DEBUG    | __main__:<module>:12 - Sample DEBUG message.
2024-10-01 06:38:12.601 | INFO     | __main__:<module>:12 - Sample INFO message.
2024-10-01 06:38:12.601 | WARNING  | __main__:<module>:12 - Sample WARNING message.
2024-10-01 06:38:12.601 | WARNING  | __main__:<module>:12 - Sample WARNING message.
2024-10-01 06:38:12.601 | ERROR    | __main__:<module>:12 - Sample ERROR message.
2024-10-01 06:38:12.602 | WARNING  | __main__:<module>:12 - Sample WARNING message.
2024-10-01 06:38:12.602 | DEBUG    | __main__:<module>:12 - Sample DEBUG message.
2024-10-01 06:38:12.602 | WARNING  | __main__:<module>:12 - Sample WARNING message.
2024-10-01 06:38:12.602 | DEBUG    | __main__:<module>:12 - Sample DEBUG message.
2024-10-01 06:38:12.602 | INFO     | __main__:<module>:12 - Sample INFO message.
2024-10-01 06:38:12.602 | ERROR    | __main__:<module>:12 - Sample ERROR message.
2024-10-01 06:38:12.603 | ERROR    | __main__:<module>:12 - Sample ERROR message.
2024-10-01 06:38:12.603 | DEBUG    | __main__:<module>:12 - Sample DEBUG message.
2024-10-01 06:38:12.603 | INFO     | __main__:<module>:12 - Sample INFO message.
2024-10-01 06:38:12.603 | DEBUG    | __main__:<module>:12 - Sample DEBUG message.
2024-10-01 06:38:12.603 | WARNING  | __main__:<module>:12 - Sample WARNING message.
2024-10-01 06:38:12.604 | DEBUG    | __main__:<module>:12 - Sample DEBUG message.
2024-10-01 06:38:12.604 | WARNING  | __main__:<module>:12 - Sample WARNING message.
2024-10-01 06:38:12.604 | INFO     | __main__:<module>:12 - Sample INFO message.
2024-10-01 06:38:12.604 | DEBUG    | __main__:<module>:12 - Sample DEBUG message.
2024-10-01 06:38:12.604 | ERROR    | __main__:<module>:12 - Sample ERROR message.
2024-10-01 06:38:12.604 | DEBUG    | __main__:<module>:12 - Sample DEBUG message.
2024-10-01 06:38:12.605 | ERROR    | __main__:<module>:12 - Sample ERROR message.
2024-10-01 06:38:12.605 | DEBUG    | __main__:<module>:12 - Sample DEBUG message.
2024-10-01 06:38:12.605 | ERROR    | __main__:<module>:12 - Sample ERROR message.
2024-10-01 06:38:12.605 | WARNING  | __main__:<module>:12 - Sample WARNING message.
2024-10-01 06:38:12.605 | ERROR    | __main__:<module>:12 - Sample ERROR message.
2024-10-01 06:38:12.605 | ERROR    | __main__:<module>:12 - Sample ERROR message.
2024-10-01 06:38:12.606 | DEBUG    | __main__:<module>:12 - Sample DEBUG message.
2024-10-01 06:38:12.606 | DEBUG    | __main__:<module>:12 - Sample DEBUG message.
2024-10-01 06:38:12.606 | ERROR    | __main__:<module>:12 - Sample ERROR message.
2024-10-01 06:38:12.606 | ERROR    | __main__:<module>:12 - Sample ERROR message.
2024-10-01 06:38:12.606 | WARNING  | __main__:<module>:12 - Sample WARNING message.
2024-10-01 06:38:12.606 | DEBUG    | __main__:<module>:12 - Sample DEBUG message.
2024-10-01 06:38:12.607 | ERROR    | __main__:<module>:12 - Sample ERROR message.
2024-10-01 06:38:12.607 | WARNING  | __main__:<module>:12 - Sample WARNING message.
2024-10-01 06:38:12.607 | DEBUG    | __main__:<module>:12 - Sample DEBUG message.
2024-10-01 06:38:12.607 | INFO     | __main__:<module>:12 - Sample INFO message.
2024-10-01 06:38:12.607 | INFO     | __main__:<module>:12 - Sample INFO message.
2024-10-01 06:38:12.607 | ERROR    | __main__:<module>:12 - Sample ERROR message.
2024-10-01 06:38:12.608 | INFO     | __main__:<module>:12 - Sample INFO message.
2024-10-01 06:38:12.608 | DEBUG    | __main__:<module>:12 - Sample DEBUG message.
2024-10-01 06:38:12.608 | ERROR    | __main__:<module>:12 - Sample ERROR message.
2024-10-01 06:38:12.608 | DEBUG    | __main__:<module>:12 - Sample DEBUG message.
2024-10-01 06:38:12.608 | DEBUG    | __main__:<module>:12 - Sample DEBUG message.
2024-10-01 06:38:12.608 | DEBUG    | __main__:<module>:12 - Sample DEBUG message.
2024-10-01 06:38:13.218 | WARNING  | __main__:<module>:12 - Sample WARNING message.
2024-10-01 06:38:13.218 | INFO     | __main__:<module>:12 - Sample INFO message.
2024-10-01 06:38:13.218 | DEBUG    | __main__:<module>:12 - Sample DEBUG message.
2024-10-01 06:38:13.219 | WARNING  | __main__:<module>:12 - Sample WARNING message.
2024-10-01 06:38:13.219 | ERROR    | __main__:<module>:12 - Sample ERROR message.
2024-10-01 06:38:13.219 | DEBUG    | __main__:<module>:12 - Sample DEBUG message.
2024-10-01 06:38:13.219 | INFO     | __main__:<module>:12 - Sample INFO message.
2024-10-01 06:38:13.220 | WARNING  | __main__:<module>:12 - Sample WARNING message.
2024-10-01 06:38:13.220 | INFO     | __main__:<module>:12 - Sample INFO message.
2024-10-01 06:38:13.220 | DEBUG    | __main__:<module>:12 - Sample DEBUG message.
2024-10-01 06:38:13.220 | ERROR    | __main__:<module>:12 - Sample ERROR message.
2024-10-01 06:38:13.220 | DEBUG    | __main__:<module>:12 - Sample DEBUG message.
2024-10-01 06:38:13.220 | WARNING  | __main__:<module>:12 - Sample WARNING message.
2024-10-01 06:38:13.221 | WARNING  | __main__:<module>:12 - Sample WARNING message.
2024-10-01 06:38:13.221 | WARNING  | __main__:<module>:12 - Sample WARNING message.
2024-10-01 06:38:13.221 | ERROR    | __main__:<module>:12 - Sample ERROR message.
2024-10-01 06:38:13.221 | DEBUG    | __main__:<module>:12 - Sample DEBUG message.
2024-10-01 06:38:13.221 | INFO     | __main__:<module>:12 - Sample INFO message.
2024-10-01 06:38:13.221 | WARNING  | __main__:<module>:12 - Sample WARNING message.
2024-10-01 06:38:13.222 | ERROR    | __main__:<module>:12 - Sample ERROR message.
2024-10-01 06:38:13.222 | DEBUG    | __main__:<module>:12 - Sample DEBUG message.
2024-10-01 06:38:13.222 | WARNING  | __main__:<module>:12 - Sample WARNING message.
2024-10-01 06:38:13.222 | ERROR    | __main__:<module>:12 - Sample ERROR message.
2024-10-01 06:38:13.222 | DEBUG    | __main__:<module>:12 - Sample DEBUG message.
2024-10-01 06:38:13.223 | INFO     | __main__:<module>:12 - Sample INFO message.
2024-10-01 06:38:13.223 | ERROR    | __main__:<module>:12 - Sample ERROR message.
2024-10-01 06:38:13.223 | ERROR    | __main__:<module>:12 - Sample ERROR message.
2024-10-01 06:38:13.223 | INFO     | __main__:<module>:12 - Sample INFO message.
2024-10-01 06:38:13.223 | WARNING  | __main__:<module>:12 - Sample WARNING message.
2024-10-01 06:38:13.223 | WARNING  | __main__:<module>:12 - Sample WARNING message.
2024-10-01 06:38:13.224 | WARNING  | __main__:<module>:12 - Sample WARNING message.
2024-10-01 06:38:13.224 | DEBUG    | __main__:<module>:12 - Sample DEBUG message.
2024-10-01 06:38:13.224 | INFO     | __main__:<module>:12 - Sample INFO message.
2024-10-01 06:38:13.224 | ERROR    | __main__:<module>:12 - Sample ERROR message.
2024-10-01 06:38:13.224 | WARNING  | __main__:<module>:12 - Sample WARNING message.
2024-10-01 06:38:13.224 | ERROR    | __main__:<module>:12 - Sample ERROR message.
2024-10-01 06:38:13.225 | WARNING  | __main__:<module>:12 - Sample WARNING message.
2024-10-01 06:38:13.225 | WARNING  | __main__:<module>:12 - Sample WARNING message.
2024-10-01 06:38:13.225 | WARNING  | __main__:<module>:12 - Sample WARNING message.
2024-10-01 06:38:13.225 | INFO     | __main__:<module>:12 - Sample INFO message.
2024-10-01 06:38:13.225 | WARNING  | __main__:<module>:12 - Sample WARNING message.
2024-10-01 06:38:13.225 | DEBUG    | __main__:<module>:12 - Sample DEBUG message.
2024-10-01 06:38:13.226 | WARNING  | __main__:<module>:12 - Sample WARNING message.
2024-10-01 06:38:13.226 | DEBUG    | __main__:<module>:12 - Sample DEBUG message.
2024-10-01 06:38:13.226 | ERROR    | __main__:<module>:12 - Sample ERROR message.
2024-10-01 06:38:13.226 | WARNING  | __main__:<module>:12 - Sample WARNING message.
2024-10-01 06:38:13.226 | DEBUG    | __main__:<module>:12 - Sample DEBUG message.
2024-10-01 06:38:13.227 | INFO     | __main__:<module>:12 - Sample INFO message.
2024-10-01 06:38:13.227 | DEBUG    | __main__:<module>:12 - Sample DEBUG message.
2024-10-01 06:38:13.227 | ERROR    | __main__:<module>:12 - Sample ERROR message.
2024-10-01 06:38:13.227 | ERROR    | __main__:<module>:12 - Sample ERROR message.
2024-10-01 06:38:13.227 | INFO     | __main__:<module>:12 - Sample INFO message.
2024-10-01 06:38:13.227 | ERROR    | __main__:<module>:12 - Sample ERROR message.
2024-10-01 06:38:13.228 | DEBUG    | __main__:<module>:12 - Sample DEBUG message.
2024-10-01 06:38:13.228 | DEBUG    | __main__:<module>:12 - Sample DEBUG message.
2024-10-01 06:38:13.228 | INFO     | __main__:<module>:12 - Sample INFO message.
2024-10-01 06:38:13.228 | ERROR    | __main__:<module>:12 - Sample ERROR message.
2024-10-01 06:38:13.527 | DEBUG    | __main__:<module>:12 - Sample DEBUG message.
2024-10-01 06:38:13.528 | INFO     | __main__:<module>:12 - Sample INFO message.
2024-10-01 06:38:13.528 | INFO     | __main__:<module>:12 - Sample INFO message.
2024-10-01 06:38:13.528 | WARNING  | __main__:<module>:12 - Sample WARNING message.
2024-10-01 06:38:13.529 | INFO     | __main__:<module>:12 - Sample INFO message.
2024-10-01 06:38:13.529 | WARNING  | __main__:<module>:12 - Sample WARNING message.
2024-10-01 06:38:13.529 | ERROR    | __main__:<module>:12 - Sample ERROR message.
2024-10-01 06:38:13.529 | INFO     | __main__:<module>:12 - Sample INFO message.
2024-10-01 06:38:13.530 | INFO     | __main__:<module>:12 - Sample INFO message.
2024-10-01 06:38:13.530 | INFO     | __main__:<module>:12 - Sample INFO message.
2024-10-01 06:38:13.530 | INFO     | __main__:<module>:12 - Sample INFO message.
2024-10-01 06:38:13.530 | WARNING  | __main__:<module>:12 - Sample WARNING message.
2024-10-01 06:38:13.531 | DEBUG    | __main__:<module>:12 - Sample DEBUG message.
2024-10-01 06:38:13.531 | DEBUG    | __main__:<module>:12 - Sample DEBUG message.
2024-10-01 06:38:13.531 | DEBUG    | __main__:<module>:12 - Sample DEBUG message.
2024-10-01 06:38:13.531 | ERROR    | __main__:<module>:12 - Sample ERROR message.
2024-10-01 06:38:13.532 | DEBUG    | __main__:<module>:12 - Sample DEBUG message.
2024-10-01 06:38:13.532 | WARNING  | __main__:<module>:12 - Sample WARNING message.
2024-10-01 06:38:13.532 | DEBUG    | __main__:<module>:12 - Sample DEBUG message.
2024-10-01 06:38:13.532 | INFO     | __main__:<module>:12 - Sample INFO message.
2024-10-01 06:38:13.533 | DEBUG    | __main__:<module>:12 - Sample DEBUG message.
2024-10-01 06:38:13.533 | DEBUG    | __main__:<module>:12 - Sample DEBUG message.
2024-10-01 06:38:13.533 | ERROR    | __main__:<module>:12 - Sample ERROR message.
2024-10-01 06:38:13.533 | ERROR    | __main__:<module>:12 - Sample ERROR message.
2024-10-01 06:38:13.534 | DEBUG    | __main__:<module>:12 - Sample DEBUG message.
2024-10-01 06:38:13.534 | DEBUG    | __main__:<module>:12 - Sample DEBUG message.
2024-10-01 06:38:13.534 | ERROR    | __main__:<module>:12 - Sample ERROR message.
2024-10-01 06:38:13.534 | ERROR    | __main__:<module>:12 - Sample ERROR message.
2024-10-01 06:38:13.534 | DEBUG    | __main__:<module>:12 - Sample DEBUG message.
2024-10-01 06:38:13.535 | DEBUG    | __main__:<module>:12 - Sample DEBUG message.
2024-10-01 06:38:13.535 | DEBUG    | __main__:<module>:12 - Sample DEBUG message.
2024-10-01 06:38:13.535 | WARNING  | __main__:<module>:12 - Sample WARNING message.
2024-10-01 06:38:13.535 | DEBUG    | __main__:<module>:12 - Sample DEBUG message.
2024-10-01 06:38:13.536 | ERROR    | __main__:<module>:12 - Sample ERROR message.
2024-10-01 06:38:13.536 | DEBUG    | __main__:<module>:12 - Sample DEBUG message.
2024-10-01 06:38:13.536 | INFO     | __main__:<module>:12 - Sample INFO message.
2024-10-01 06:38:13.536 | ERROR    | __main__:<module>:12 - Sample ERROR message.
2024-10-01 06:38:13.537 | WARNING  | __main__:<module>:12 - Sample WARNING message.
2024-10-01 06:38:13.537 | INFO     | __main__:<module>:12 - Sample INFO message.
2024-10-01 06:38:13.537 | DEBUG    | __main__:<module>:12 - Sample DEBUG message.
2024-10-01 06:38:13.537 | INFO     | __main__:<module>:12 - Sample INFO message.
2024-10-01 06:38:13.538 | ERROR    | __main__:<module>:12 - Sample ERROR message.
2024-10-01 06:38:13.538 | INFO     | __main__:<module>:12 - Sample INFO message.
2024-10-01 06:38:13.538 | INFO     | __main__:<module>:12 - Sample INFO message.
2024-10-01 06:38:13.538 | DEBUG    | __main__:<module>:12 - Sample DEBUG message.
2024-10-01 06:38:13.539 | WARNING  | __main__:<module>:12 - Sample WARNING message.
2024-10-01 06:38:13.539 | WARNING  | __main__:<module>:12 - Sample WARNING message.
2024-10-01 06:38:13.539 | INFO     | __main__:<module>:12 - Sample INFO message.
2024-10-01 06:38:13.539 | DEBUG    | __main__:<module>:12 - Sample DEBUG message.
2024-10-01 06:38:13.539 | WARNING  | __main__:<module>:12 - Sample WARNING message.
2024-10-01 06:38:13.540 | ERROR    | __main__:<module>:12 - Sample ERROR message.
2024-10-01 06:38:13.540 | INFO     | __main__:<module>:12 - Sample INFO message.
2024-10-01 06:38:13.540 | ERROR    | __main__:<module>:12 - Sample ERROR message.
2024-10-01 06:38:13.540 | WARNING  | __main__:<module>:12 - Sample WARNING message.
2024-10-01 06:38:13.541 | ERROR    | __main__:<module>:12 - Sample ERROR message.
2024-10-01 06:38:13.541 | ERROR    | __main__:<module>:12 - Sample ERROR message.
2024-10-01 06:38:13.541 | INFO     | __main__:<module>:12 - Sample INFO message.
2024-10-01 06:38:13.541 | DEBUG    | __main__:<module>:12 - Sample DEBUG message.
2024-10-01 06:38:13.542 | WARNING  | __main__:<module>:12 - Sample WARNING message.
2024-10-01 06:38:13.542 | INFO     | __main__:<module>:12 - Sample INFO message.
2024-10-01 06:38:13.542 | WARNING  | __main__:<module>:12 - Sample WARNING message.
2024-10-01 06:38:13.542 | ERROR    | __main__:<module>:12 - Sample ERROR message.
2024-10-01 06:38:13.542 | WARNING  | __main__:<module>:12 - Sample WARNING message.
2024-10-01 06:38:13.542 | WARNING  | __main__:<module>:12 - Sample WARNING message.
2024-10-01 06:38:13.543 | WARNING  | __main__:<module>:12 - Sample WARNING message.
2024-10-01 06:38:13.543 | INFO     | __main__:<module>:12 - Sample INFO message.
2024-10-01 06:38:13.543 | INFO     | __main__:<module>:12 - Sample INFO message.
2024-10-01 06:38:13.543 | INFO     | __main__:<module>:12 - Sample INFO message.
2024-10-01 06:38:13.544 | INFO     | __main__:<module>:12 - Sample INFO message.
2024-10-01 06:38:13.544 | ERROR    | __main__:<module>:12 - Sample ERROR message.
2024-10-01 06:38:13.544 | INFO     | __main__:<module>:12 - Sample INFO message.
2024-10-01 06:38:13.544 | DEBUG    | __main__:<module>:12 - Sample DEBUG message.
2024-10-01 06:38:13.545 | WARNING  | __main__:<module>:12 - Sample WARNING message.
2024-10-01 06:38:13.545 | ERROR    | __main__:<module>:12 - Sample ERROR message.
2024-10-01 06:38:13.545 | WARNING  | __main__:<module>:12 - Sample WARNING message.
2024-10-01 06:38:13.545 | DEBUG    | __main__:<module>:12 - Sample DEBUG message.
2024-10-01 06:38:13.546 | INFO     | __main__:<module>:12 - Sample INFO message.
2024-10-01 06:38:13.546 | INFO     | __main__:<module>:12 - Sample INFO message.
2024-10-01 06:38:13.546 | DEBUG    | __main__:<module>:12 - Sample DEBUG message.
2024-10-01 06:38:13.546 | INFO     | __main__:<module>:12 - Sample INFO message.
2024-10-01 06:38:13.547 | INFO     | __main__:<module>:12 - Sample INFO message.
2024-10-01 06:38:13.547 | WARNING  | __main__:<module>:12 - Sample WARNING message.
2024-10-01 06:38:13.547 | DEBUG    | __main__:<module>:12 - Sample DEBUG message.
2024-10-01 06:38:13.547 | WARNING  | __main__:<module>:12 - Sample WARNING message.
2024-10-01 06:38:13.547 | INFO     | __main__:<module>:12 - Sample INFO message.
2024-10-01 06:38:13.548 | WARNING  | __main__:<module>:12 - Sample WARNING message.
2024-10-01 06:38:13.548 | DEBUG    | __main__:<module>:12 - Sample DEBUG message.
2024-10-01 06:38:13.548 | WARNING  | __main__:<module>:12 - Sample WARNING message.
2024-10-01 06:38:13.548 | WARNING  | __main__:<module>:12 - Sample WARNING message.
2024-10-01 06:38:13.549 | DEBUG    | __main__:<module>:12 - Sample DEBUG message.
2024-10-01 06:38:13.549 | WARNING  | __main__:<module>:12 - Sample WARNING message.
2024-10-01 06:38:13.549 | ERROR    | __main__:<module>:12 - Sample ERROR message.
2024-10-01 06:38:13.549 | DEBUG    | __main__:<module>:12 - Sample DEBUG message.
2024-10-01 06:38:13.550 | INFO     | __main__:<module>:12 - Sample INFO message.
2024-10-01 06:38:13.550 | INFO     | __main__:<module>:12 - Sample INFO message.
2024-10-01 06:38:13.550 | DEBUG    | __main__:<module>:12 - Sample DEBUG message.
2024-10-01 06:38:13.550 | DEBUG    | __main__:<module>:12 - Sample DEBUG message.
2024-10-01 06:38:13.551 | ERROR    | __main__:<module>:12 - Sample ERROR message.
2024-10-01 06:38:13.551 | WARNING  | __main__:<module>:12 - Sample WARNING message.
2024-10-01 06:38:13.551 | DEBUG    | __main__:<module>:12 - Sample DEBUG message.
2024-10-01 06:38:13.551 | WARNING  | __main__:<module>:12 - Sample WARNING message.
2024-10-01 06:38:13.551 | WARNING  | __main__:<module>:12 - Sample WARNING message.
2024-10-01 06:38:13.552 | DEBUG    | __main__:<module>:12 - Sample DEBUG message.
2024-10-01 06:38:13.552 | INFO     | __main__:<module>:12 - Sample INFO message.
2024-10-01 06:38:13.552 | WARNING  | __main__:<module>:12 - Sample WARNING message.
2024-10-01 06:38:13.552 | DEBUG    | __main__:<module>:12 - Sample DEBUG message.
2024-10-01 06:38:13.553 | DEBUG    | __main__:<module>:12 - Sample DEBUG message.
2024-10-01 06:38:13.553 | WARNING  | __main__:<module>:12 - Sample WARNING message.
2024-10-01 06:38:13.553 | DEBUG    | __main__:<module>:12 - Sample DEBUG message.
2024-10-01 06:38:13.553 | DEBUG    | __main__:<module>:12 - Sample DEBUG message.
2024-10-01 06:38:13.553 | DEBUG    | __main__:<module>:12 - Sample DEBUG message.
2024-10-01 06:38:13.554 | WARNING  | __main__:<module>:12 - Sample WARNING message.
2024-10-01 06:38:13.554 | WARNING  | __main__:<module>:12 - Sample WARNING message.
2024-10-01 06:38:13.554 | ERROR    | __main__:<module>:12 - Sample ERROR message.
2024-10-01 06:38:13.554 | WARNING  | __main__:<module>:12 - Sample WARNING message.
2024-10-01 06:38:13.554 | ERROR    | __main__:<module>:12 - Sample ERROR message.
2024-10-01 06:38:13.555 | DEBUG    | __main__:<module>:12 - Sample DEBUG message.
2024-10-01 06:38:13.555 | ERROR    | __main__:<module>:12 - Sample ERROR message.
2024-10-01 06:38:13.555 | WARNING  | __main__:<module>:12 - Sample WARNING message.
2024-10-01 06:38:13.555 | WARNING  | __main__:<module>:12 - Sample WARNING message.
2024-10-01 06:38:13.556 | INFO     | __main__:<module>:12 - Sample INFO message.
2024-10-01 06:38:13.556 | INFO     | __main__:<module>:12 - Sample INFO message.
2024-10-01 06:38:13.556 | DEBUG    | __main__:<module>:12 - Sample DEBUG message.
2024-10-01 06:38:13.556 | WARNING  | __main__:<module>:12 - Sample WARNING message.
2024-10-01 06:38:13.557 | DEBUG    | __main__:<module>:12 - Sample DEBUG message.
2024-10-01 06:38:13.557 | INFO     | __main__:<module>:12 - Sample INFO message.
2024-10-01 06:38:13.557 | WARNING  | __main__:<module>:12 - Sample WARNING message.
2024-10-01 06:38:13.557 | ERROR    | __main__:<module>:12 - Sample ERROR message.
2024-10-01 06:38:13.557 | ERROR    | __main__:<module>:12 - Sample ERROR message.
2024-10-01 06:38:13.558 | INFO     | __main__:<module>:12 - Sample INFO message.
2024-10-01 06:38:13.558 | ERROR    | __main__:<module>:12 - Sample ERROR message.
2024-10-01 06:38:13.558 | WARNING  | __main__:<module>:12 - Sample WARNING message.
2024-10-01 06:38:13.558 | WARNING  | __main__:<module>:12 - Sample WARNING message.
2024-10-01 06:38:13.558 | DEBUG    | __main__:<module>:12 - Sample DEBUG message.
2024-10-01 06:38:13.559 | WARNING  | __main__:<module>:12 - Sample WARNING message.
2024-10-01 06:38:13.559 | ERROR    | __main__:<module>:12 - Sample ERROR message.
2024-10-01 06:38:13.559 | INFO     | __main__:<module>:12 - Sample INFO message.
2024-10-01 06:38:13.559 | INFO     | __main__:<module>:12 - Sample INFO message.
2024-10-01 06:38:13.560 | INFO     | __main__:<module>:12 - Sample INFO message.
2024-10-01 06:38:13.560 | ERROR    | __main__:<module>:12 - Sample ERROR message.
2024-10-01 06:38:13.560 | WARNING  | __main__:<module>:12 - Sample WARNING message.
2024-10-01 06:38:13.560 | WARNING  | __main__:<module>:12 - Sample WARNING message.
2024-10-01 06:38:13.561 | WARNING  | __main__:<module>:12 - Sample WARNING message.
2024-10-01 06:38:13.561 | WARNING  | __main__:<module>:12 - Sample WARNING message.
2024-10-01 06:38:13.561 | ERROR    | __main__:<module>:12 - Sample ERROR message.
2024-10-01 06:38:13.561 | INFO     | __main__:<module>:12 - Sample INFO message.
2024-10-01 06:38:13.561 | WARNING  | __main__:<module>:12 - Sample WARNING message.
2024-10-01 06:38:13.562 | WARNING  | __main__:<module>:12 - Sample WARNING message.
2024-10-01 06:38:13.562 | DEBUG    | __main__:<module>:12 - Sample DEBUG message.
2024-10-01 06:38:13.562 | WARNING  | __main__:<module>:12 - Sample WARNING message.
2024-10-01 06:38:13.562 | DEBUG    | __main__:<module>:12 - Sample DEBUG message.
2024-10-01 06:38:13.563 | DEBUG    | __main__:<module>:12 - Sample DEBUG message.
2024-10-01 06:38:13.563 | DEBUG    | __main__:<module>:12 - Sample DEBUG message.
2024-10-01 06:38:13.563 | INFO     | __main__:<module>:12 - Sample INFO message.
2024-10-01 06:38:13.563 | WARNING  | __main__:<module>:12 - Sample WARNING message.
2024-10-01 06:38:13.563 | INFO     | __main__:<module>:12 - Sample INFO message.
2024-10-01 06:38:13.564 | DEBUG    | __main__:<module>:12 - Sample DEBUG message.
2024-10-01 06:38:13.564 | DEBUG    | __main__:<module>:12 - Sample DEBUG message.
2024-10-01 06:38:13.564 | WARNING  | __main__:<module>:12 - Sample WARNING message.
2024-10-01 06:38:13.564 | INFO     | __main__:<module>:12 - Sample INFO message.
2024-10-01 06:38:13.565 | DEBUG    | __main__:<module>:12 - Sample DEBUG message.
2024-10-01 06:38:13.565 | ERROR    | __main__:<module>:12 - Sample ERROR message.
2024-10-01 06:38:13.565 | WARNING  | __main__:<module>:12 - Sample WARNING message.
2024-10-01 06:38:13.565 | DEBUG    | __main__:<module>:12 - Sample DEBUG message.
2024-10-01 06:38:13.565 | INFO     | __main__:<module>:12 - Sample INFO message.
2024-10-01 06:38:13.566 | DEBUG    | __main__:<module>:12 - Sample DEBUG message.
2024-10-01 06:38:13.566 | INFO     | __main__:<module>:12 - Sample INFO message.
2024-10-01 06:38:13.566 | WARNING  | __main__:<module>:12 - Sample WARNING message.
2024-10-01 06:38:13.566 | WARNING  | __main__:<module>:12 - Sample WARNING message.
2024-10-01 06:38:13.566 | INFO     | __main__:<module>:12 - Sample INFO message.
2024-10-01 06:38:13.567 | WARNING  | __main__:<module>:12 - Sample WARNING message.
2024-10-01 06:38:13.567 | INFO     | __main__:<module>:12 - Sample INFO message.
2024-10-01 06:38:13.567 | WARNING  | __main__:<module>:12 - Sample WARNING message.
2024-10-01 06:38:13.567 | DEBUG    | __main__:<module>:12 - Sample DEBUG message.
2024-10-01 06:38:13.567 | ERROR    | __main__:<module>:12 - Sample ERROR message.
2024-10-01 06:38:13.568 | INFO     | __main__:<module>:12 - Sample INFO message.
2024-10-01 06:38:13.568 | ERROR    | __main__:<module>:12 - Sample ERROR message.
2024-10-01 06:38:13.568 | INFO     | __main__:<module>:12 - Sample INFO message.
2024-10-01 06:38:13.568 | WARNING  | __main__:<module>:12 - Sample WARNING message.
2024-10-01 06:38:13.568 | ERROR    | __main__:<module>:12 - Sample ERROR message.
2024-10-01 06:38:13.569 | DEBUG    | __main__:<module>:12 - Sample DEBUG message.
2024-10-01 06:38:13.569 | DEBUG    | __main__:<module>:12 - Sample DEBUG message.
2024-10-01 06:38:13.569 | DEBUG    | __main__:<module>:12 - Sample DEBUG message.
2024-10-01 06:38:13.569 | ERROR    | __main__:<module>:12 - Sample ERROR message.
2024-10-01 06:38:13.569 | ERROR    | __main__:<module>:12 - Sample ERROR message.
2024-10-01 06:38:13.570 | WARNING  | __main__:<module>:12 - Sample WARNING message.
2024-10-01 06:38:13.570 | ERROR    | __main__:<module>:12 - Sample ERROR message.
2024-10-01 06:38:13.570 | INFO     | __main__:<module>:12 - Sample INFO message.
2024-10-01 06:38:13.570 | WARNING  | __main__:<module>:12 - Sample WARNING message.
2024-10-01 06:38:13.571 | WARNING  | __main__:<module>:12 - Sample WARNING message.
2024-10-01 06:38:13.571 | ERROR    | __main__:<module>:12 - Sample ERROR message.
2024-10-01 06:38:13.571 | INFO     | __main__:<module>:12 - Sample INFO message.
2024-10-01 06:38:13.571 | INFO     | __main__:<module>:12 - Sample INFO message.
2024-10-01 06:38:13.571 | INFO     | __main__:<module>:12 - Sample INFO message.
2024-10-01 06:38:13.572 | ERROR    | __main__:<module>:12 - Sample ERROR message.
2024-10-01 06:38:13.572 | INFO     | __main__:<module>:12 - Sample INFO message.
2024-10-01 06:38:13.572 | DEBUG    | __main__:<module>:12 - Sample DEBUG message.
2024-10-01 06:38:13.572 | WARNING  | __main__:<module>:12 - Sample WARNING message.
2024-10-01 06:38:13.572 | ERROR    | __main__:<module>:12 - Sample ERROR message.
2024-10-01 06:38:13.573 | ERROR    | __main__:<module>:12 - Sample ERROR message.
2024-10-01 06:38:13.573 | ERROR    | __main__:<module>:12 - Sample ERROR message.
2024-10-01 06:38:13.573 | ERROR    | __main__:<module>:12 - Sample ERROR message.
2024-10-01 06:38:13.573 | WARNING  | __main__:<module>:12 - Sample WARNING message.
2024-10-01 06:38:13.573 | ERROR    | __main__:<module>:12 - Sample ERROR message.
2024-10-01 06:38:13.574 | INFO     | __main__:<module>:12 - Sample INFO message.
2024-10-01 06:38:13.574 | ERROR    | __main__:<module>:12 - Sample ERROR message.
2024-10-01 06:38:13.574 | ERROR    | __main__:<module>:12 - Sample ERROR message.
2024-10-01 06:38:13.574 | INFO     | __main__:<module>:12 - Sample INFO message.
2024-10-01 06:38:13.574 | WARNING  | __main__:<module>:12 - Sample WARNING message.
2024-10-01 06:38:13.575 | DEBUG    | __main__:<module>:12 - Sample DEBUG message.
2024-10-01 06:38:13.575 | WARNING  | __main__:<module>:12 - Sample WARNING message.
2024-10-01 06:38:13.575 | INFO     | __main__:<module>:12 - Sample INFO message.
2024-10-01 06:38:13.575 | INFO     | __main__:<module>:12 - Sample INFO message.
2024-10-01 06:38:13.576 | INFO     | __main__:<module>:12 - Sample INFO message.
2024-10-01 06:38:13.576 | DEBUG    | __main__:<module>:12 - Sample DEBUG message.
2024-10-01 06:38:13.576 | ERROR    | __main__:<module>:12 - Sample ERROR message.
2024-10-01 06:38:13.576 | WARNING  | __main__:<module>:12 - Sample WARNING message.
2024-10-01 06:38:13.576 | ERROR    | __main__:<module>:12 - Sample ERROR message.
2024-10-01 06:38:13.576 | ERROR    | __main__:<module>:12 - Sample ERROR message.
2024-10-01 06:38:13.577 | ERROR    | __main__:<module>:12 - Sample ERROR message.
2024-10-01 06:38:13.577 | INFO     | __main__:<module>:12 - Sample INFO message.
2024-10-01 06:38:13.577 | WARNING  | __main__:<module>:12 - Sample WARNING message.
2024-10-01 06:38:13.577 | DEBUG    | __main__:<module>:12 - Sample DEBUG message.
2024-10-01 06:38:13.578 | WARNING  | __main__:<module>:12 - Sample WARNING message.
2024-10-01 06:38:13.578 | WARNING  | __main__:<module>:12 - Sample WARNING message.
2024-10-01 06:38:13.578 | WARNING  | __main__:<module>:12 - Sample WARNING message.
2024-10-01 06:38:13.578 | INFO     | __main__:<module>:12 - Sample INFO message.
2024-10-01 06:38:13.578 | DEBUG    | __main__:<module>:12 - Sample DEBUG message.
2024-10-01 06:38:13.579 | DEBUG    | __main__:<module>:12 - Sample DEBUG message.
2024-10-01 06:38:13.579 | DEBUG    | __main__:<module>:12 - Sample DEBUG message.
2024-10-01 06:38:13.579 | INFO     | __main__:<module>:12 - Sample INFO message.
2024-10-01 06:38:13.579 | ERROR    | __main__:<module>:12 - Sample ERROR message.
2024-10-01 06:38:13.579 | INFO     | __main__:<module>:12 - Sample INFO message.
2024-10-01 06:38:13.580 | INFO     | __main__:<module>:12 - Sample INFO message.
2024-10-01 06:38:13.580 | INFO     | __main__:<module>:12 - Sample INFO message.
2024-10-01 06:38:13.580 | WARNING  | __main__:<module>:12 - Sample WARNING message.
2024-10-01 06:38:13.580 | INFO     | __main__:<module>:12 - Sample INFO message.
2024-10-01 06:38:13.580 | WARNING  | __main__:<module>:12 - Sample WARNING message.
2024-10-01 06:38:13.580 | INFO     | __main__:<module>:12 - Sample INFO message.
2024-10-01 06:38:13.581 | DEBUG    | __main__:<module>:12 - Sample DEBUG message.
2024-10-01 06:38:13.581 | WARNING  | __main__:<module>:12 - Sample WARNING message.
2024-10-01 06:38:13.581 | DEBUG    | __main__:<module>:12 - Sample DEBUG message.
2024-10-01 06:38:13.581 | INFO     | __main__:<module>:12 - Sample INFO message.
2024-10-01 06:38:13.581 | WARNING  | __main__:<module>:12 - Sample WARNING message.
2024-10-01 06:38:13.582 | DEBUG    | __main__:<module>:12 - Sample DEBUG message.
2024-10-01 06:38:13.582 | WARNING  | __main__:<module>:12 - Sample WARNING message.
2024-10-01 06:38:13.582 | INFO     | __main__:<module>:12 - Sample INFO message.
2024-10-01 06:38:13.582 | DEBUG    | __main__:<module>:12 - Sample DEBUG message.
2024-10-01 06:38:13.582 | INFO     | __main__:<module>:12 - Sample INFO message.
2024-10-01 06:38:13.583 | DEBUG    | __main__:<module>:12 - Sample DEBUG message.
2024-10-01 06:38:13.583 | WARNING  | __main__:<module>:12 - Sample WARNING message.
2024-10-01 06:38:13.583 | DEBUG    | __main__:<module>:12 - Sample DEBUG message.
2024-10-01 06:38:13.583 | WARNING  | __main__:<module>:12 - Sample WARNING message.
2024-10-01 06:38:13.583 | DEBUG    | __main__:<module>:12 - Sample DEBUG message.
2024-10-01 06:38:13.583 | DEBUG    | __main__:<module>:12 - Sample DEBUG message.
2024-10-01 06:38:13.584 | WARNING  | __main__:<module>:12 - Sample WARNING message.
2024-10-01 06:38:13.584 | WARNING  | __main__:<module>:12 - Sample WARNING message.
2024-10-01 06:38:13.584 | WARNING  | __main__:<module>:12 - Sample WARNING message.
2024-10-01 06:38:13.584 | ERROR    | __main__:<module>:12 - Sample ERROR message.
2024-10-01 06:38:13.584 | DEBUG    | __main__:<module>:12 - Sample DEBUG message.
2024-10-01 06:38:13.584 | WARNING  | __main__:<module>:12 - Sample WARNING message.
2024-10-01 06:38:13.585 | WARNING  | __main__:<module>:12 - Sample WARNING message.
2024-10-01 06:38:13.585 | DEBUG    | __main__:<module>:12 - Sample DEBUG message.
2024-10-01 06:38:13.585 | WARNING  | __main__:<module>:12 - Sample WARNING message.
2024-10-01 06:38:13.585 | DEBUG    | __main__:<module>:12 - Sample DEBUG message.
2024-10-01 06:38:13.585 | DEBUG    | __main__:<module>:12 - Sample DEBUG message.
2024-10-01 06:38:13.585 | INFO     | __main__:<module>:12 - Sample INFO message.
2024-10-01 06:38:13.586 | WARNING  | __main__:<module>:12 - Sample WARNING message.
2024-10-01 06:38:13.586 | DEBUG    | __main__:<module>:12 - Sample DEBUG message.
2024-10-01 06:38:13.586 | WARNING  | __main__:<module>:12 - Sample WARNING message.
2024-10-01 06:38:13.586 | DEBUG    | __main__:<module>:12 - Sample DEBUG message.
2024-10-01 06:38:13.586 | INFO     | __main__:<module>:12 - Sample INFO message.
2024-10-01 06:38:13.586 | ERROR    | __main__:<module>:12 - Sample ERROR message.
2024-10-01 06:38:13.587 | WARNING  | __main__:<module>:12 - Sample WARNING message.
2024-10-01 06:38:13.587 | WARNING  | __main__:<module>:12 - Sample WARNING message.
2024-10-01 06:38:13.587 | INFO     | __main__:<module>:12 - Sample INFO message.
2024-10-01 06:38:13.587 | ERROR    | __main__:<module>:12 - Sample ERROR message.
2024-10-01 06:38:13.587 | DEBUG    | __main__:<module>:12 - Sample DEBUG message.
2024-10-01 06:38:13.588 | INFO     | __main__:<module>:12 - Sample INFO message.
2024-10-01 06:38:13.588 | WARNING  | __main__:<module>:12 - Sample WARNING message.
2024-10-01 06:38:13.588 | INFO     | __main__:<module>:12 - Sample INFO message.
2024-10-01 06:38:13.588 | INFO     | __main__:<module>:12 - Sample INFO message.
2024-10-01 06:38:13.588 | ERROR    | __main__:<module>:12 - Sample ERROR message.
2024-10-01 06:38:13.588 | WARNING  | __main__:<module>:12 - Sample WARNING message.
2024-10-01 06:38:13.589 | INFO     | __main__:<module>:12 - Sample INFO message.
2024-10-01 06:38:13.589 | INFO     | __main__:<module>:12 - Sample INFO message.
2024-10-01 06:38:13.589 | ERROR    | __main__:<module>:12 - Sample ERROR message.
2024-10-01 06:38:13.589 | DEBUG    | __main__:<module>:12 - Sample DEBUG message.
2024-10-01 06:38:13.589 | DEBUG    | __main__:<module>:12 - Sample DEBUG message.
2024-10-01 06:38:13.589 | DEBUG    | __main__:<module>:12 - Sample DEBUG message.
2024-10-01 06:38:13.590 | INFO     | __main__:<module>:12 - Sample INFO message.
2024-10-01 06:38:13.590 | ERROR    | __main__:<module>:12 - Sample ERROR message.
2024-10-01 06:38:13.590 | INFO     | __main__:<module>:12 - Sample INFO message.
2024-10-01 06:38:13.590 | INFO     | __main__:<module>:12 - Sample INFO message.
2024-10-01 06:38:13.590 | DEBUG    | __main__:<module>:12 - Sample DEBUG message.
2024-10-01 06:38:13.590 | ERROR    | __main__:<module>:12 - Sample ERROR message.
2024-10-01 06:38:13.591 | ERROR    | __main__:<module>:12 - Sample ERROR message.
2024-10-01 06:38:13.591 | ERROR    | __main__:<module>:12 - Sample ERROR message.
2024-10-01 06:38:13.591 | ERROR    | __main__:<module>:12 - Sample ERROR message.
2024-10-01 06:38:13.591 | DEBUG    | __main__:<module>:12 - Sample DEBUG message.
2024-10-01 06:38:13.591 | WARNING  | __main__:<module>:12 - Sample WARNING message.
2024-10-01 06:38:13.591 | ERROR    | __main__:<module>:12 - Sample ERROR message.
2024-10-01 06:38:13.592 | ERROR    | __main__:<module>:12 - Sample ERROR message.
2024-10-01 06:38:13.592 | WARNING  | __main__:<module>:12 - Sample WARNING message.
2024-10-01 06:38:13.592 | INFO     | __main__:<module>:12 - Sample INFO message.
2024-10-01 06:38:13.592 | WARNING  | __main__:<module>:12 - Sample WARNING message.
2024-10-01 06:38:13.592 | DEBUG    | __main__:<module>:12 - Sample DEBUG message.
2024-10-01 06:38:13.592 | ERROR    | __main__:<module>:12 - Sample ERROR message.
2024-10-01 06:38:13.593 | WARNING  | __main__:<module>:12 - Sample WARNING message.
2024-10-01 06:38:13.593 | INFO     | __main__:<module>:12 - Sample INFO message.
2024-10-01 06:38:13.593 | DEBUG    | __main__:<module>:12 - Sample DEBUG message.
2024-10-01 06:38:13.593 | ERROR    | __main__:<module>:12 - Sample ERROR message.
2024-10-01 06:38:13.593 | WARNING  | __main__:<module>:12 - Sample WARNING message.
2024-10-01 06:38:13.593 | INFO     | __main__:<module>:12 - Sample INFO message.
2024-10-01 06:38:13.594 | ERROR    | __main__:<module>:12 - Sample ERROR message.
2024-10-01 06:38:13.594 | DEBUG    | __main__:<module>:12 - Sample DEBUG message.
2024-10-01 06:38:13.594 | WARNING  | __main__:<module>:12 - Sample WARNING message.
2024-10-01 06:38:13.594 | INFO     | __main__:<module>:12 - Sample INFO message.
2024-10-01 06:38:13.594 | INFO     | __main__:<module>:12 - Sample INFO message.
2024-10-01 06:38:13.594 | INFO     | __main__:<module>:12 - Sample INFO message.
2024-10-01 06:38:13.595 | DEBUG    | __main__:<module>:12 - Sample DEBUG message.
2024-10-01 06:38:13.595 | INFO     | __main__:<module>:12 - Sample INFO message.
2024-10-01 06:38:13.595 | WARNING  | __main__:<module>:12 - Sample WARNING message.
2024-10-01 06:38:13.595 | WARNING  | __main__:<module>:12 - Sample WARNING message.
2024-10-01 06:38:13.595 | DEBUG    | __main__:<module>:12 - Sample DEBUG message.
2024-10-01 06:38:13.595 | WARNING  | __main__:<module>:12 - Sample WARNING message.
2024-10-01 06:38:13.596 | INFO     | __main__:<module>:12 - Sample INFO message.
2024-10-01 06:38:13.596 | DEBUG    | __main__:<module>:12 - Sample DEBUG message.
2024-10-01 06:38:13.596 | WARNING  | __main__:<module>:12 - Sample WARNING message.
2024-10-01 06:38:13.596 | DEBUG    | __main__:<module>:12 - Sample DEBUG message.
2024-10-01 06:38:13.596 | WARNING  | __main__:<module>:12 - Sample WARNING message.
2024-10-01 06:38:13.597 | WARNING  | __main__:<module>:12 - Sample WARNING message.
2024-10-01 06:38:13.597 | ERROR    | __main__:<module>:12 - Sample ERROR message.
2024-10-01 06:38:13.597 | ERROR    | __main__:<module>:12 - Sample ERROR message.
2024-10-01 06:38:13.597 | ERROR    | __main__:<module>:12 - Sample ERROR message.
2024-10-01 06:38:13.597 | DEBUG    | __main__:<module>:12 - Sample DEBUG message.
2024-10-01 06:38:13.597 | DEBUG    | __main__:<module>:12 - Sample DEBUG message.
2024-10-01 06:38:13.598 | ERROR    | __main__:<module>:12 - Sample ERROR message.
2024-10-01 06:38:13.598 | INFO     | __main__:<module>:12 - Sample INFO message.
2024-10-01 06:38:13.598 | ERROR    | __main__:<module>:12 - Sample ERROR message.
2024-10-01 06:38:13.598 | ERROR    | __main__:<module>:12 - Sample ERROR message.
2024-10-01 06:38:13.598 | DEBUG    | __main__:<module>:12 - Sample DEBUG message.
2024-10-01 06:38:13.598 | DEBUG    | __main__:<module>:12 - Sample DEBUG message.
2024-10-01 06:38:13.599 | INFO     | __main__:<module>:12 - Sample INFO message.
2024-10-01 06:38:13.599 | ERROR    | __main__:<module>:12 - Sample ERROR message.
2024-10-01 06:38:14.242 | ERROR    | __main__:<module>:12 - Sample ERROR message.
2024-10-01 06:38:14.242 | WARNING  | __main__:<module>:12 - Sample WARNING message.
2024-10-01 06:38:14.242 | INFO     | __main__:<module>:12 - Sample INFO message.
2024-10-01 06:38:14.243 | DEBUG    | __main__:<module>:12 - Sample DEBUG message.
2024-10-01 06:38:14.243 | INFO     | __main__:<module>:12 - Sample INFO message.
2024-10-01 06:38:14.243 | DEBUG    | __main__:<module>:12 - Sample DEBUG message.
2024-10-01 06:38:14.244 | ERROR    | __main__:<module>:12 - Sample ERROR message.
2024-10-01 06:38:14.244 | INFO     | __main__:<module>:12 - Sample INFO message.
2024-10-01 06:38:14.244 | DEBUG    | __main__:<module>:12 - Sample DEBUG message.
2024-10-01 06:38:14.244 | INFO     | __main__:<module>:12 - Sample INFO message.
2024-10-01 06:38:14.244 | INFO     | __main__:<module>:12 - Sample INFO message.
2024-10-01 06:38:14.245 | DEBUG    | __main__:<module>:12 - Sample DEBUG message.
2024-10-01 06:38:14.245 | INFO     | __main__:<module>:12 - Sample INFO message.
2024-10-01 06:38:14.245 | INFO     | __main__:<module>:12 - Sample INFO message.
2024-10-01 06:38:14.245 | DEBUG    | __main__:<module>:12 - Sample DEBUG message.
2024-10-01 06:38:14.246 | INFO     | __main__:<module>:12 - Sample INFO message.
2024-10-01 06:38:14.246 | ERROR    | __main__:<module>:12 - Sample ERROR message.
2024-10-01 06:38:14.246 | ERROR    | __main__:<module>:12 - Sample ERROR message.
2024-10-01 06:38:14.246 | INFO     | __main__:<module>:12 - Sample INFO message.
2024-10-01 06:38:14.247 | INFO     | __main__:<module>:12 - Sample INFO message.
2024-10-01 06:38:14.247 | ERROR    | __main__:<module>:12 - Sample ERROR message.
2024-10-01 06:38:14.247 | INFO     | __main__:<module>:12 - Sample INFO message.
2024-10-01 06:38:14.248 | INFO     | __main__:<module>:12 - Sample INFO message.
2024-10-01 06:38:14.248 | INFO     | __main__:<module>:12 - Sample INFO message.
2024-10-01 06:38:14.248 | ERROR    | __main__:<module>:12 - Sample ERROR message.
2024-10-01 06:38:14.248 | INFO     | __main__:<module>:12 - Sample INFO message.
2024-10-01 06:38:14.249 | DEBUG    | __main__:<module>:12 - Sample DEBUG message.
2024-10-01 06:38:14.249 | WARNING  | __main__:<module>:12 - Sample WARNING message.
2024-10-01 06:38:14.249 | WARNING  | __main__:<module>:12 - Sample WARNING message.
2024-10-01 06:38:14.249 | INFO     | __main__:<module>:12 - Sample INFO message.
2024-10-01 06:38:14.250 | DEBUG    | __main__:<module>:12 - Sample DEBUG message.
2024-10-01 06:38:14.250 | DEBUG    | __main__:<module>:12 - Sample DEBUG message.
2024-10-01 06:38:14.250 | DEBUG    | __main__:<module>:12 - Sample DEBUG message.
2024-10-01 06:38:14.250 | WARNING  | __main__:<module>:12 - Sample WARNING message.
2024-10-01 06:38:14.250 | DEBUG    | __main__:<module>:12 - Sample DEBUG message.
2024-10-01 06:38:14.251 | WARNING  | __main__:<module>:12 - Sample WARNING message.
2024-10-01 06:38:14.251 | INFO     | __main__:<module>:12 - Sample INFO message.
2024-10-01 06:38:14.251 | INFO     | __main__:<module>:12 - Sample INFO message.
2024-10-01 06:38:14.251 | DEBUG    | __main__:<module>:12 - Sample DEBUG message.
2024-10-01 06:38:14.252 | DEBUG    | __main__:<module>:12 - Sample DEBUG message.
2024-10-01 06:38:14.252 | ERROR    | __main__:<module>:12 - Sample ERROR message.
2024-10-01 06:38:14.252 | DEBUG    | __main__:<module>:12 - Sample DEBUG message.
2024-10-01 06:38:14.252 | WARNING  | __main__:<module>:12 - Sample WARNING message.
2024-10-01 06:38:14.253 | INFO     | __main__:<module>:12 - Sample INFO message.
2024-10-01 06:38:14.253 | INFO     | __main__:<module>:12 - Sample INFO message.
2024-10-01 06:38:14.253 | DEBUG    | __main__:<module>:12 - Sample DEBUG message.
2024-10-01 06:38:14.253 | ERROR    | __main__:<module>:12 - Sample ERROR message.
2024-10-01 06:38:14.254 | INFO     | __main__:<module>:12 - Sample INFO message.
2024-10-01 06:38:14.254 | WARNING  | __main__:<module>:12 - Sample WARNING message.
2024-10-01 06:38:14.254 | INFO     | __main__:<module>:12 - Sample INFO message.
2024-10-01 06:38:14.254 | DEBUG    | __main__:<module>:12 - Sample DEBUG message.
2024-10-01 06:38:14.254 | WARNING  | __main__:<module>:12 - Sample WARNING message.
2024-10-01 06:38:14.255 | ERROR    | __main__:<module>:12 - Sample ERROR message.
2024-10-01 06:38:14.255 | INFO     | __main__:<module>:12 - Sample INFO message.
2024-10-01 06:38:14.255 | WARNING  | __main__:<module>:12 - Sample WARNING message.
2024-10-01 06:38:14.255 | WARNING  | __main__:<module>:12 - Sample WARNING message.
2024-10-01 06:38:14.255 | WARNING  | __main__:<module>:12 - Sample WARNING message.
2024-10-01 06:38:14.255 | DEBUG    | __main__:<module>:12 - Sample DEBUG message.
2024-10-01 06:38:14.256 | ERROR    | __main__:<module>:12 - Sample ERROR message.
2024-10-01 06:38:14.256 | WARNING  | __main__:<module>:12 - Sample WARNING message.
2024-10-01 06:38:14.256 | ERROR    | __main__:<module>:12 - Sample ERROR message.
2024-10-01 06:38:14.256 | DEBUG    | __main__:<module>:12 - Sample DEBUG message.
2024-10-01 06:38:14.256 | DEBUG    | __main__:<module>:12 - Sample DEBUG message.
2024-10-01 06:38:14.256 | WARNING  | __main__:<module>:12 - Sample WARNING message.
2024-10-01 06:38:14.257 | ERROR    | __main__:<module>:12 - Sample ERROR message.
2024-10-01 06:38:14.257 | DEBUG    | __main__:<module>:12 - Sample DEBUG message.
2024-10-01 06:38:14.257 | INFO     | __main__:<module>:12 - Sample INFO message.
2024-10-01 06:38:14.257 | ERROR    | __main__:<module>:12 - Sample ERROR message.
2024-10-01 06:38:14.257 | DEBUG    | __main__:<module>:12 - Sample DEBUG message.
2024-10-01 06:38:14.257 | ERROR    | __main__:<module>:12 - Sample ERROR message.
2024-10-01 06:38:14.258 | DEBUG    | __main__:<module>:12 - Sample DEBUG message.
2024-10-01 06:38:14.258 | INFO     | __main__:<module>:12 - Sample INFO message.
2024-10-01 06:38:14.258 | DEBUG    | __main__:<module>:12 - Sample DEBUG message.
2024-10-01 06:38:14.258 | ERROR    | __main__:<module>:12 - Sample ERROR message.
2024-10-01 06:38:14.258 | WARNING  | __main__:<module>:12 - Sample WARNING message.
2024-10-01 06:38:14.258 | WARNING  | __main__:<module>:12 - Sample WARNING message.
2024-10-01 06:38:14.259 | DEBUG    | __main__:<module>:12 - Sample DEBUG message.
2024-10-01 06:38:14.259 | DEBUG    | __main__:<module>:12 - Sample DEBUG message.
2024-10-01 06:38:14.259 | DEBUG    | __main__:<module>:12 - Sample DEBUG message.
2024-10-01 06:38:14.259 | ERROR    | __main__:<module>:12 - Sample ERROR message.
2024-10-01 06:38:14.259 | INFO     | __main__:<module>:12 - Sample INFO message.
2024-10-01 06:38:14.259 | ERROR    | __main__:<module>:12 - Sample ERROR message.
2024-10-01 06:38:14.260 | ERROR    | __main__:<module>:12 - Sample ERROR message.
2024-10-01 06:38:14.260 | INFO     | __main__:<module>:12 - Sample INFO message.
2024-10-01 06:38:14.260 | DEBUG    | __main__:<module>:12 - Sample DEBUG message.
2024-10-01 06:38:14.260 | INFO     | __main__:<module>:12 - Sample INFO message.
2024-10-01 06:38:14.260 | INFO     | __main__:<module>:12 - Sample INFO message.
2024-10-01 06:38:14.260 | ERROR    | __main__:<module>:12 - Sample ERROR message.
2024-10-01 06:38:14.261 | DEBUG    | __main__:<module>:12 - Sample DEBUG message.
2024-10-01 06:38:14.261 | WARNING  | __main__:<module>:12 - Sample WARNING message.
2024-10-01 06:38:14.261 | WARNING  | __main__:<module>:12 - Sample WARNING message.
2024-10-01 06:38:14.261 | DEBUG    | __main__:<module>:12 - Sample DEBUG message.
2024-10-01 06:38:14.261 | DEBUG    | __main__:<module>:12 - Sample DEBUG message.
2024-10-01 06:38:14.261 | DEBUG    | __main__:<module>:12 - Sample DEBUG message.
2024-10-01 06:38:14.262 | ERROR    | __main__:<module>:12 - Sample ERROR message.
2024-10-01 06:38:14.262 | DEBUG    | __main__:<module>:12 - Sample DEBUG message.
2024-10-01 06:38:14.262 | INFO     | __main__:<module>:12 - Sample INFO message.
2024-10-01 06:38:14.262 | INFO     | __main__:<module>:12 - Sample INFO message.
2024-10-01 06:38:14.262 | INFO     | __main__:<module>:12 - Sample INFO message.
2024-10-01 06:38:14.262 | INFO     | __main__:<module>:12 - Sample INFO message.
2024-10-01 06:38:14.263 | INFO     | __main__:<module>:12 - Sample INFO message.
2024-10-01 06:38:14.263 | ERROR    | __main__:<module>:12 - Sample ERROR message.
2024-10-01 06:38:14.263 | WARNING  | __main__:<module>:12 - Sample WARNING message.
2024-10-01 06:38:14.263 | WARNING  | __main__:<module>:12 - Sample WARNING message.
2024-10-01 06:38:14.263 | INFO     | __main__:<module>:12 - Sample INFO message.
2024-10-01 06:38:14.263 | INFO     | __main__:<module>:12 - Sample INFO message.
2024-10-01 06:38:14.264 | DEBUG    | __main__:<module>:12 - Sample DEBUG message.
2024-10-01 06:38:14.264 | WARNING  | __main__:<module>:12 - Sample WARNING message.
2024-10-01 06:38:14.264 | WARNING  | __main__:<module>:12 - Sample WARNING message.
2024-10-01 06:38:14.264 | WARNING  | __main__:<module>:12 - Sample WARNING message.
2024-10-01 06:38:14.264 | INFO     | __main__:<module>:12 - Sample INFO message.
2024-10-01 06:38:14.265 | WARNING  | __main__:<module>:12 - Sample WARNING message.
2024-10-01 06:38:14.265 | ERROR    | __main__:<module>:12 - Sample ERROR message.
2024-10-01 06:38:14.265 | ERROR    | __main__:<module>:12 - Sample ERROR message.
2024-10-01 06:38:14.265 | DEBUG    | __main__:<module>:12 - Sample DEBUG message.
2024-10-01 06:38:14.265 | WARNING  | __main__:<module>:12 - Sample WARNING message.
2024-10-01 06:38:14.265 | ERROR    | __main__:<module>:12 - Sample ERROR message.
2024-10-01 06:38:14.266 | WARNING  | __main__:<module>:12 - Sample WARNING message.
2024-10-01 06:38:14.266 | ERROR    | __main__:<module>:12 - Sample ERROR message.
2024-10-01 06:38:14.266 | ERROR    | __main__:<module>:12 - Sample ERROR message.
2024-10-01 06:38:14.266 | INFO     | __main__:<module>:12 - Sample INFO message.
2024-10-01 06:38:14.266 | ERROR    | __main__:<module>:12 - Sample ERROR message.
2024-10-01 06:38:14.266 | WARNING  | __main__:<module>:12 - Sample WARNING message.
2024-10-01 06:38:14.267 | ERROR    | __main__:<module>:12 - Sample ERROR message.
2024-10-01 06:38:14.267 | INFO     | __main__:<module>:12 - Sample INFO message.
2024-10-01 06:38:14.267 | DEBUG    | __main__:<module>:12 - Sample DEBUG message.
2024-10-01 06:38:14.267 | DEBUG    | __main__:<module>:12 - Sample DEBUG message.
2024-10-01 06:38:14.267 | INFO     | __main__:<module>:12 - Sample INFO message.
2024-10-01 06:38:14.267 | ERROR    | __main__:<module>:12 - Sample ERROR message.
2024-10-01 06:38:14.268 | DEBUG    | __main__:<module>:12 - Sample DEBUG message.
2024-10-01 06:38:14.268 | INFO     | __main__:<module>:12 - Sample INFO message.
2024-10-01 06:38:14.268 | ERROR    | __main__:<module>:12 - Sample ERROR message.
2024-10-01 06:38:14.268 | ERROR    | __main__:<module>:12 - Sample ERROR message.
2024-10-01 06:38:14.268 | ERROR    | __main__:<module>:12 - Sample ERROR message.
2024-10-01 06:38:14.268 | DEBUG    | __main__:<module>:12 - Sample DEBUG message.
2024-10-01 06:38:14.269 | WARNING  | __main__:<module>:12 - Sample WARNING message.
2024-10-01 06:38:14.269 | ERROR    | __main__:<module>:12 - Sample ERROR message.
2024-10-01 06:38:14.269 | WARNING  | __main__:<module>:12 - Sample WARNING message.
2024-10-01 06:38:14.269 | INFO     | __main__:<module>:12 - Sample INFO message.
2024-10-01 06:38:14.269 | INFO     | __main__:<module>:12 - Sample INFO message.
2024-10-01 06:38:14.269 | INFO     | __main__:<module>:12 - Sample INFO message.
2024-10-01 06:38:14.270 | ERROR    | __main__:<module>:12 - Sample ERROR message.
2024-10-01 06:38:14.270 | INFO     | __main__:<module>:12 - Sample INFO message.
2024-10-01 06:38:14.270 | WARNING  | __main__:<module>:12 - Sample WARNING message.
2024-10-01 06:38:14.270 | DEBUG    | __main__:<module>:12 - Sample DEBUG message.
2024-10-01 06:38:14.270 | INFO     | __main__:<module>:12 - Sample INFO message.
2024-10-01 06:38:14.270 | WARNING  | __main__:<module>:12 - Sample WARNING message.
2024-10-01 06:38:14.271 | INFO     | __main__:<module>:12 - Sample INFO message.
2024-10-01 06:38:14.271 | ERROR    | __main__:<module>:12 - Sample ERROR message.
2024-10-01 06:38:14.271 | WARNING  | __main__:<module>:12 - Sample WARNING message.
2024-10-01 06:38:14.271 | INFO     | __main__:<module>:12 - Sample INFO message.
2024-10-01 06:38:14.271 | INFO     | __main__:<module>:12 - Sample INFO message.
2024-10-01 06:38:14.271 | DEBUG    | __main__:<module>:12 - Sample DEBUG message.
2024-10-01 06:38:14.272 | INFO     | __main__:<module>:12 - Sample INFO message.
2024-10-01 06:38:14.272 | DEBUG    | __main__:<module>:12 - Sample DEBUG message.
2024-10-01 06:38:14.272 | ERROR    | __main__:<module>:12 - Sample ERROR message.
2024-10-01 06:38:14.272 | ERROR    | __main__:<module>:12 - Sample ERROR message.
2024-10-01 06:38:14.272 | WARNING  | __main__:<module>:12 - Sample WARNING message.
2024-10-01 06:38:14.272 | ERROR    | __main__:<module>:12 - Sample ERROR message.
2024-10-01 06:38:14.273 | WARNING  | __main__:<module>:12 - Sample WARNING message.
2024-10-01 06:38:14.273 | ERROR    | __main__:<module>:12 - Sample ERROR message.
2024-10-01 06:38:14.273 | INFO     | __main__:<module>:12 - Sample INFO message.
2024-10-01 06:38:14.273 | DEBUG    | __main__:<module>:12 - Sample DEBUG message.
2024-10-01 06:38:14.273 | WARNING  | __main__:<module>:12 - Sample WARNING message.
2024-10-01 06:38:14.273 | ERROR    | __main__:<module>:12 - Sample ERROR message.
2024-10-01 06:38:14.274 | WARNING  | __main__:<module>:12 - Sample WARNING message.
2024-10-01 06:38:14.274 | INFO     | __main__:<module>:12 - Sample INFO message.
2024-10-01 06:38:14.274 | INFO     | __main__:<module>:12 - Sample INFO message.
2024-10-01 06:38:14.274 | DEBUG    | __main__:<module>:12 - Sample DEBUG message.
2024-10-01 06:38:14.274 | WARNING  | __main__:<module>:12 - Sample WARNING message.
2024-10-01 06:38:14.274 | ERROR    | __main__:<module>:12 - Sample ERROR message.
2024-10-01 06:38:14.565 | ERROR    | __main__:<module>:12 - Sample ERROR message.
2024-10-01 06:38:14.566 | INFO     | __main__:<module>:12 - Sample INFO message.
2024-10-01 06:38:14.566 | DEBUG    | __main__:<module>:12 - Sample DEBUG message.
2024-10-01 06:38:14.566 | DEBUG    | __main__:<module>:12 - Sample DEBUG message.
2024-10-01 06:38:14.567 | WARNING  | __main__:<module>:12 - Sample WARNING message.
2024-10-01 06:38:14.567 | INFO     | __main__:<module>:12 - Sample INFO message.
2024-10-01 06:38:14.568 | INFO     | __main__:<module>:12 - Sample INFO message.
2024-10-01 06:38:14.568 | DEBUG    | __main__:<module>:12 - Sample DEBUG message.
2024-10-01 06:38:14.568 | ERROR    | __main__:<module>:12 - Sample ERROR message.
2024-10-01 06:38:14.569 | INFO     | __main__:<module>:12 - Sample INFO message.
2024-10-01 06:38:14.569 | WARNING  | __main__:<module>:12 - Sample WARNING message.
2024-10-01 06:38:14.569 | DEBUG    | __main__:<module>:12 - Sample DEBUG message.
2024-10-01 06:38:14.570 | INFO     | __main__:<module>:12 - Sample INFO message.
2024-10-01 06:38:14.570 | WARNING  | __main__:<module>:12 - Sample WARNING message.
2024-10-01 06:38:14.570 | ERROR    | __main__:<module>:12 - Sample ERROR message.
2024-10-01 06:38:14.570 | INFO     | __main__:<module>:12 - Sample INFO message.
2024-10-01 06:38:14.571 | INFO     | __main__:<module>:12 - Sample INFO message.
2024-10-01 06:38:14.571 | WARNING  | __main__:<module>:12 - Sample WARNING message.
2024-10-01 06:38:14.571 | ERROR    | __main__:<module>:12 - Sample ERROR message.
2024-10-01 06:38:14.572 | DEBUG    | __main__:<module>:12 - Sample DEBUG message.
2024-10-01 06:38:14.572 | INFO     | __main__:<module>:12 - Sample INFO message.
2024-10-01 06:38:14.572 | ERROR    | __main__:<module>:12 - Sample ERROR message.
2024-10-01 06:38:14.572 | INFO     | __main__:<module>:12 - Sample INFO message.
2024-10-01 06:38:14.573 | WARNING  | __main__:<module>:12 - Sample WARNING message.
2024-10-01 06:38:14.573 | WARNING  | __main__:<module>:12 - Sample WARNING message.
2024-10-01 06:38:14.573 | ERROR    | __main__:<module>:12 - Sample ERROR message.
2024-10-01 06:38:14.573 | DEBUG    | __main__:<module>:12 - Sample DEBUG message.
2024-10-01 06:38:14.574 | INFO     | __main__:<module>:12 - Sample INFO message.
2024-10-01 06:38:14.574 | DEBUG    | __main__:<module>:12 - Sample DEBUG message.
2024-10-01 06:38:14.574 | WARNING  | __main__:<module>:12 - Sample WARNING message.
2024-10-01 06:38:14.574 | DEBUG    | __main__:<module>:12 - Sample DEBUG message.
2024-10-01 06:38:14.575 | WARNING  | __main__:<module>:12 - Sample WARNING message.
2024-10-01 06:38:14.575 | ERROR    | __main__:<module>:12 - Sample ERROR message.
2024-10-01 06:38:14.575 | WARNING  | __main__:<module>:12 - Sample WARNING message.
2024-10-01 06:38:14.575 | DEBUG    | __main__:<module>:12 - Sample DEBUG message.
2024-10-01 06:38:14.576 | WARNING  | __main__:<module>:12 - Sample WARNING message.
2024-10-01 06:38:14.576 | DEBUG    | __main__:<module>:12 - Sample DEBUG message.
2024-10-01 06:38:14.576 | WARNING  | __main__:<module>:12 - Sample WARNING message.
2024-10-01 06:38:14.576 | ERROR    | __main__:<module>:12 - Sample ERROR message.
2024-10-01 06:38:14.577 | INFO     | __main__:<module>:12 - Sample INFO message.
2024-10-01 06:38:14.577 | INFO     | __main__:<module>:12 - Sample INFO message.
2024-10-01 06:38:14.577 | ERROR    | __main__:<module>:12 - Sample ERROR message.
2024-10-01 06:38:14.577 | ERROR    | __main__:<module>:12 - Sample ERROR message.
2024-10-01 06:38:14.577 | INFO     | __main__:<module>:12 - Sample INFO message.
2024-10-01 06:38:14.578 | ERROR    | __main__:<module>:12 - Sample ERROR message.
2024-10-01 06:38:14.578 | WARNING  | __main__:<module>:12 - Sample WARNING message.
2024-10-01 06:38:14.578 | WARNING  | __main__:<module>:12 - Sample WARNING message.
2024-10-01 06:38:14.578 | DEBUG    | __main__:<module>:12 - Sample DEBUG message.
2024-10-01 06:38:14.579 | INFO     | __main__:<module>:12 - Sample INFO message.
2024-10-01 06:38:14.579 | INFO     | __main__:<module>:12 - Sample INFO message.
2024-10-01 06:38:14.579 | WARNING  | __main__:<module>:12 - Sample WARNING message.
2024-10-01 06:38:14.579 | ERROR    | __main__:<module>:12 - Sample ERROR message.
2024-10-01 06:38:14.580 | INFO     | __main__:<module>:12 - Sample INFO message.
2024-10-01 06:38:14.580 | INFO     | __main__:<module>:12 - Sample INFO message.
2024-10-01 06:38:14.580 | ERROR    | __main__:<module>:12 - Sample ERROR message.
2024-10-01 06:38:14.580 | WARNING  | __main__:<module>:12 - Sample WARNING message.
2024-10-01 06:38:14.580 | INFO     | __main__:<module>:12 - Sample INFO message.
2024-10-01 06:38:14.580 | INFO     | __main__:<module>:12 - Sample INFO message.
2024-10-01 06:38:14.581 | INFO     | __main__:<module>:12 - Sample INFO message.
2024-10-01 06:38:14.581 | INFO     | __main__:<module>:12 - Sample INFO message.
2024-10-01 06:38:14.581 | INFO     | __main__:<module>:12 - Sample INFO message.
2024-10-01 06:38:14.581 | INFO     | __main__:<module>:12 - Sample INFO message.
2024-10-01 06:38:14.581 | DEBUG    | __main__:<module>:12 - Sample DEBUG message.
2024-10-01 06:38:14.582 | ERROR    | __main__:<module>:12 - Sample ERROR message.
2024-10-01 06:38:14.582 | DEBUG    | __main__:<module>:12 - Sample DEBUG message.
2024-10-01 06:38:14.582 | INFO     | __main__:<module>:12 - Sample INFO message.
2024-10-01 06:38:14.582 | ERROR    | __main__:<module>:12 - Sample ERROR message.
2024-10-01 06:38:14.582 | ERROR    | __main__:<module>:12 - Sample ERROR message.
2024-10-01 06:38:14.583 | DEBUG    | __main__:<module>:12 - Sample DEBUG message.
2024-10-01 06:38:14.583 | INFO     | __main__:<module>:12 - Sample INFO message.
2024-10-01 06:38:14.583 | INFO     | __main__:<module>:12 - Sample INFO message.
2024-10-01 06:38:14.583 | DEBUG    | __main__:<module>:12 - Sample DEBUG message.
2024-10-01 06:38:14.584 | INFO     | __main__:<module>:12 - Sample INFO message.
2024-10-01 06:38:14.584 | ERROR    | __main__:<module>:12 - Sample ERROR message.
2024-10-01 06:38:14.584 | WARNING  | __main__:<module>:12 - Sample WARNING message.
2024-10-01 06:38:14.584 | INFO     | __main__:<module>:12 - Sample INFO message.
2024-10-01 06:38:14.585 | WARNING  | __main__:<module>:12 - Sample WARNING message.
2024-10-01 06:38:14.585 | ERROR    | __main__:<module>:12 - Sample ERROR message.
2024-10-01 06:38:14.585 | DEBUG    | __main__:<module>:12 - Sample DEBUG message.
2024-10-01 06:38:14.585 | DEBUG    | __main__:<module>:12 - Sample DEBUG message.
2024-10-01 06:38:14.586 | INFO     | __main__:<module>:12 - Sample INFO message.
2024-10-01 06:38:14.586 | ERROR    | __main__:<module>:12 - Sample ERROR message.
2024-10-01 06:38:14.586 | ERROR    | __main__:<module>:12 - Sample ERROR message.
2024-10-01 06:38:14.586 | INFO     | __main__:<module>:12 - Sample INFO message.
2024-10-01 06:38:14.587 | WARNING  | __main__:<module>:12 - Sample WARNING message.
2024-10-01 06:38:14.587 | ERROR    | __main__:<module>:12 - Sample ERROR message.
2024-10-01 06:38:14.587 | DEBUG    | __main__:<module>:12 - Sample DEBUG message.
2024-10-01 06:38:14.587 | ERROR    | __main__:<module>:12 - Sample ERROR message.
2024-10-01 06:38:14.587 | INFO     | __main__:<module>:12 - Sample INFO message.
2024-10-01 06:38:14.588 | INFO     | __main__:<module>:12 - Sample INFO message.
2024-10-01 06:38:14.588 | WARNING  | __main__:<module>:12 - Sample WARNING message.
2024-10-01 06:38:14.588 | ERROR    | __main__:<module>:12 - Sample ERROR message.
2024-10-01 06:38:14.588 | DEBUG    | __main__:<module>:12 - Sample DEBUG message.
2024-10-01 06:38:14.589 | DEBUG    | __main__:<module>:12 - Sample DEBUG message.
2024-10-01 06:38:14.589 | DEBUG    | __main__:<module>:12 - Sample DEBUG message.
2024-10-01 06:38:14.589 | INFO     | __main__:<module>:12 - Sample INFO message.
2024-10-01 06:38:14.589 | DEBUG    | __main__:<module>:12 - Sample DEBUG message.
2024-10-01 06:38:14.590 | DEBUG    | __main__:<module>:12 - Sample DEBUG message.
2024-10-01 06:38:14.590 | DEBUG    | __main__:<module>:12 - Sample DEBUG message.
2024-10-01 06:38:14.590 | DEBUG    | __main__:<module>:12 - Sample DEBUG message.
2024-10-01 06:38:14.590 | WARNING  | __main__:<module>:12 - Sample WARNING message.
2024-10-01 06:38:14.590 | ERROR    | __main__:<module>:12 - Sample ERROR message.
2024-10-01 06:38:14.591 | WARNING  | __main__:<module>:12 - Sample WARNING message.
2024-10-01 06:38:14.591 | WARNING  | __main__:<module>:12 - Sample WARNING message.
2024-10-01 06:38:14.591 | WARNING  | __main__:<module>:12 - Sample WARNING message.
2024-10-01 06:38:14.591 | INFO     | __main__:<module>:12 - Sample INFO message.
2024-10-01 06:38:14.592 | WARNING  | __main__:<module>:12 - Sample WARNING message.
2024-10-01 06:38:14.592 | WARNING  | __main__:<module>:12 - Sample WARNING message.
2024-10-01 06:38:14.592 | ERROR    | __main__:<module>:12 - Sample ERROR message.
2024-10-01 06:38:14.592 | DEBUG    | __main__:<module>:12 - Sample DEBUG message.
2024-10-01 06:38:14.593 | INFO     | __main__:<module>:12 - Sample INFO message.
2024-10-01 06:38:14.593 | WARNING  | __main__:<module>:12 - Sample WARNING message.
2024-10-01 06:38:14.593 | WARNING  | __main__:<module>:12 - Sample WARNING message.
2024-10-01 06:38:14.593 | INFO     | __main__:<module>:12 - Sample INFO message.
2024-10-01 06:38:14.594 | WARNING  | __main__:<module>:12 - Sample WARNING message.
2024-10-01 06:38:14.594 | ERROR    | __main__:<module>:12 - Sample ERROR message.
2024-10-01 06:38:14.594 | DEBUG    | __main__:<module>:12 - Sample DEBUG message.
2024-10-01 06:38:14.594 | DEBUG    | __main__:<module>:12 - Sample DEBUG message.
2024-10-01 06:38:14.594 | WARNING  | __main__:<module>:12 - Sample WARNING message.
2024-10-01 06:38:14.595 | DEBUG    | __main__:<module>:12 - Sample DEBUG message.
2024-10-01 06:38:14.595 | DEBUG    | __main__:<module>:12 - Sample DEBUG message.
2024-10-01 06:38:14.595 | WARNING  | __main__:<module>:12 - Sample WARNING message.
2024-10-01 06:38:14.595 | ERROR    | __main__:<module>:12 - Sample ERROR message.
2024-10-01 06:38:14.596 | WARNING  | __main__:<module>:12 - Sample WARNING message.
2024-10-01 06:38:14.596 | DEBUG    | __main__:<module>:12 - Sample DEBUG message.
2024-10-01 06:38:14.596 | DEBUG    | __main__:<module>:12 - Sample DEBUG message.
2024-10-01 06:38:14.596 | ERROR    | __main__:<module>:12 - Sample ERROR message.
2024-10-01 06:38:14.597 | INFO     | __main__:<module>:12 - Sample INFO message.
2024-10-01 06:38:14.597 | DEBUG    | __main__:<module>:12 - Sample DEBUG message.
2024-10-01 06:38:14.597 | DEBUG    | __main__:<module>:12 - Sample DEBUG message.
2024-10-01 06:38:14.597 | DEBUG    | __main__:<module>:12 - Sample DEBUG message.
2024-10-01 06:38:14.598 | WARNING  | __main__:<module>:12 - Sample WARNING message.
2024-10-01 06:38:14.598 | WARNING  | __main__:<module>:12 - Sample WARNING message.
2024-10-01 06:38:14.598 | DEBUG    | __main__:<module>:12 - Sample DEBUG message.
2024-10-01 06:38:14.598 | INFO     | __main__:<module>:12 - Sample INFO message.
2024-10-01 06:38:14.598 | WARNING  | __main__:<module>:12 - Sample WARNING message.
2024-10-01 06:38:14.599 | DEBUG    | __main__:<module>:12 - Sample DEBUG message.
2024-10-01 06:38:14.599 | WARNING  | __main__:<module>:12 - Sample WARNING message.
2024-10-01 06:38:14.599 | DEBUG    | __main__:<module>:12 - Sample DEBUG message.
2024-10-01 06:38:14.599 | WARNING  | __main__:<module>:12 - Sample WARNING message.
2024-10-01 06:38:14.600 | WARNING  | __main__:<module>:12 - Sample WARNING message.
2024-10-01 06:38:14.600 | INFO     | __main__:<module>:12 - Sample INFO message.
2024-10-01 06:38:14.600 | DEBUG    | __main__:<module>:12 - Sample DEBUG message.
2024-10-01 06:38:14.600 | ERROR    | __main__:<module>:12 - Sample ERROR message.
2024-10-01 06:38:14.601 | INFO     | __main__:<module>:12 - Sample INFO message.
2024-10-01 06:38:14.601 | INFO     | __main__:<module>:12 - Sample INFO message.
2024-10-01 06:38:14.601 | ERROR    | __main__:<module>:12 - Sample ERROR message.
2024-10-01 06:38:14.601 | ERROR    | __main__:<module>:12 - Sample ERROR message.
2024-10-01 06:38:14.602 | DEBUG    | __main__:<module>:12 - Sample DEBUG message.
2024-10-01 06:38:14.602 | DEBUG    | __main__:<module>:12 - Sample DEBUG message.
2024-10-01 06:38:14.602 | ERROR    | __main__:<module>:12 - Sample ERROR message.
2024-10-01 06:38:14.602 | ERROR    | __main__:<module>:12 - Sample ERROR message.
2024-10-01 06:38:14.603 | INFO     | __main__:<module>:12 - Sample INFO message.
2024-10-01 06:38:14.603 | WARNING  | __main__:<module>:12 - Sample WARNING message.
2024-10-01 06:38:14.603 | ERROR    | __main__:<module>:12 - Sample ERROR message.
2024-10-01 06:38:14.603 | DEBUG    | __main__:<module>:12 - Sample DEBUG message.
2024-10-01 06:38:14.603 | WARNING  | __main__:<module>:12 - Sample WARNING message.
2024-10-01 06:38:14.604 | DEBUG    | __main__:<module>:12 - Sample DEBUG message.
2024-10-01 06:38:14.604 | INFO     | __main__:<module>:12 - Sample INFO message.
2024-10-01 06:38:14.604 | DEBUG    | __main__:<module>:12 - Sample DEBUG message.
2024-10-01 06:38:14.604 | INFO     | __main__:<module>:12 - Sample INFO message.
2024-10-01 06:38:14.605 | WARNING  | __main__:<module>:12 - Sample WARNING message.
2024-10-01 06:38:14.605 | DEBUG    | __main__:<module>:12 - Sample DEBUG message.
2024-10-01 06:38:14.605 | DEBUG    | __main__:<module>:12 - Sample DEBUG message.
2024-10-01 06:38:14.605 | INFO     | __main__:<module>:12 - Sample INFO message.
2024-10-01 06:38:14.606 | INFO     | __main__:<module>:12 - Sample INFO message.
2024-10-01 06:38:14.606 | ERROR    | __main__:<module>:12 - Sample ERROR message.
2024-10-01 06:38:14.606 | ERROR    | __main__:<module>:12 - Sample ERROR message.
2024-10-01 06:38:14.606 | DEBUG    | __main__:<module>:12 - Sample DEBUG message.
2024-10-01 06:38:14.606 | INFO     | __main__:<module>:12 - Sample INFO message.
2024-10-01 06:38:14.607 | INFO     | __main__:<module>:12 - Sample INFO message.
2024-10-01 06:38:14.607 | INFO     | __main__:<module>:12 - Sample INFO message.
2024-10-01 06:38:14.607 | DEBUG    | __main__:<module>:12 - Sample DEBUG message.
2024-10-01 06:38:14.607 | WARNING  | __main__:<module>:12 - Sample WARNING message.
2024-10-01 06:38:14.607 | ERROR    | __main__:<module>:12 - Sample ERROR message.
2024-10-01 06:38:14.608 | ERROR    | __main__:<module>:12 - Sample ERROR message.
2024-10-01 06:38:14.608 | WARNING  | __main__:<module>:12 - Sample WARNING message.
2024-10-01 06:38:14.608 | DEBUG    | __main__:<module>:12 - Sample DEBUG message.
2024-10-01 06:38:14.608 | WARNING  | __main__:<module>:12 - Sample WARNING message.
2024-10-01 06:38:14.608 | DEBUG    | __main__:<module>:12 - Sample DEBUG message.
2024-10-01 06:38:14.608 | WARNING  | __main__:<module>:12 - Sample WARNING message.
2024-10-01 06:38:14.609 | WARNING  | __main__:<module>:12 - Sample WARNING message.
2024-10-01 06:38:14.609 | DEBUG    | __main__:<module>:12 - Sample DEBUG message.
2024-10-01 06:38:14.609 | INFO     | __main__:<module>:12 - Sample INFO message.
2024-10-01 06:38:14.609 | WARNING  | __main__:<module>:12 - Sample WARNING message.
2024-10-01 06:38:14.609 | INFO     | __main__:<module>:12 - Sample INFO message.
2024-10-01 06:38:14.609 | INFO     | __main__:<module>:12 - Sample INFO message.
2024-10-01 06:38:14.610 | INFO     | __main__:<module>:12 - Sample INFO message.
2024-10-01 06:38:14.610 | ERROR    | __main__:<module>:12 - Sample ERROR message.
2024-10-01 06:38:14.610 | ERROR    | __main__:<module>:12 - Sample ERROR message.
2024-10-01 06:38:14.610 | WARNING  | __main__:<module>:12 - Sample WARNING message.
2024-10-01 06:38:14.610 | WARNING  | __main__:<module>:12 - Sample WARNING message.
